GROUP,PACKAGE,CLASS,INSTRUCTION_MISSED,INSTRUCTION_COVERED,BRANCH_MISSED,BRANCH_COVERED,LINE_MISSED,LINE_COVERED,COMPLEXITY_MISSED,COMPLEXITY_COVERED,METHOD_MISSED,METHOD_COVERED
Waarp Digest,org.waarp.common.digest,FilesystemBasedDigest,294,832,28,78,62,185,29,67,5,31
Waarp Digest,org.waarp.common.digest,MD5State,0,61,0,0,0,14,0,2,0,2
Waarp Digest,org.waarp.common.digest,FilesystemBasedDigest.DigestAlgo,57,119,16,0,19,10,9,4,1,4
Waarp Digest,org.waarp.common.digest,WaarpBC,71,70,9,5,25,24,8,5,2,4
Waarp Digest,org.waarp.common.digest,MD5,63,3446,18,44,16,311,16,43,0,28
Waarp Digest,org.waarp.common.digest,WaarpBC.new Provider() {...},0,19,0,0,0,3,0,1,0,1
