GROUP,PACKAGE,CLASS,INSTRUCTION_MISSED,INSTRUCTION_COVERED,BRANCH_MISSED,BRANCH_COVERED,LINE_MISSED,LINE_COVERED,COMPLEXITY_MISSED,COMPLEXITY_COVERED,METHOD_MISSED,METHOD_COVERED
Waarp Common/WaarpDigest,org.waarp.common.digest,FilesystemBasedDigest,268,848,26,80,55,190,25,69,3,31
Waarp Common/WaarpDigest,org.waarp.common.digest,MD5State,0,61,0,0,0,14,0,2,0,2
Waarp Common/WaarpDigest,org.waarp.common.digest,FilesystemBasedDigest.DigestAlgo,57,119,16,0,19,10,9,4,1,4
Waarp Common/WaarpDigest,org.waarp.common.digest,WaarpBC,57,84,7,7,21,28,6,7,0,6
Waarp Common/WaarpDigest,org.waarp.common.digest,MD5,50,3459,16,46,14,313,14,45,0,28
Waarp Common/WaarpDigest,org.waarp.common.digest,WaarpBC.new Provider() {...},0,19,0,0,0,3,0,1,0,1
