GROUP,PACKAGE,CLASS,INSTRUCTION_MISSED,INSTRUCTION_COVERED,BRANCH_MISSED,BRANCH_COVERED,LINE_MISSED,LINE_COVERED,COMPLEXITY_MISSED,COMPLEXITY_COVERED,METHOD_MISSED,METHOD_COVERED
Waarp ICAP Client,org.waarp.icap,IcapScanFile,48,1258,16,118,17,365,16,79,1,27
Waarp ICAP Client,org.waarp.icap,IcapError,0,201,0,0,0,22,0,4,0,4
Waarp ICAP Client,org.waarp.icap,IcapModel,0,95,0,0,0,9,0,3,0,3
Waarp ICAP Client,org.waarp.icap,IcapException,0,52,0,0,0,7,0,3,0,3
Waarp ICAP Client,org.waarp.icap,IcapClient,284,1681,14,150,59,408,14,121,0,51
