GROUP,PACKAGE,CLASS,INSTRUCTION_MISSED,INSTRUCTION_COVERED,BRANCH_MISSED,BRANCH_COVERED,LINE_MISSED,LINE_COVERED,COMPLEXITY_MISSED,COMPLEXITY_COVERED,METHOD_MISSED,METHOD_COVERED
Waarp Proxy in R66 protocol/WaarpCommon,org.waarp.common.database.model,DbModelH2.DbTypeResolverH2,4,6,0,0,2,2,2,2,2,2
Waarp Proxy in R66 protocol/WaarpCommon,org.waarp.common.database.model,EmptyDbModel,18,5,0,0,11,3,11,2,11,2
Waarp Proxy in R66 protocol/WaarpCommon,org.waarp.common.database.model,DbModelMariadb.DbTypeResolverMariadDb,4,6,0,0,2,2,2,2,2,2
Waarp Proxy in R66 protocol/WaarpCommon,org.waarp.common.database.model,DbModelMariadb,81,157,4,6,17,45,3,9,0,7
Waarp Proxy in R66 protocol/WaarpCommon,org.waarp.common.database.model,DbModelFactory,57,9,8,0,14,2,8,1,2,1
Waarp Proxy in R66 protocol/WaarpCommon,org.waarp.common.database.model,DbModelPostgresql.DbTypeResolverPostgreSQL,0,6,0,0,0,2,0,2,0,2
Waarp Proxy in R66 protocol/WaarpCommon,org.waarp.common.database.model,DbModelH2.DBType,23,236,8,9,8,24,8,11,0,3
Waarp Proxy in R66 protocol/WaarpCommon,org.waarp.common.database.model,DbModelCommonMariadbMySql.DBType,17,212,6,9,6,23,6,11,0,3
Waarp Proxy in R66 protocol/WaarpCommon,org.waarp.common.database.model,DbModelAbstract.DbTypeResolver,8,3,0,0,4,1,4,1,4,1
Waarp Proxy in R66 protocol/WaarpCommon,org.waarp.common.database.model,DbModelOracle.DBType,229,0,15,0,30,0,17,0,3,0
Waarp Proxy in R66 protocol/WaarpCommon,org.waarp.common.database.model,DbModelPostgresql,122,31,4,2,33,13,6,4,4,3
Waarp Proxy in R66 protocol/WaarpCommon,org.waarp.common.database.model,DbModelPostgresql.DBType,17,212,6,9,6,23,6,11,0,3
Waarp Proxy in R66 protocol/WaarpCommon,org.waarp.common.database.model,DbModelH2,155,104,4,8,41,33,6,11,3,8
Waarp Proxy in R66 protocol/WaarpCommon,org.waarp.common.database.model,DbType,4,92,2,8,2,11,2,5,0,2
Waarp Proxy in R66 protocol/WaarpCommon,org.waarp.common.database.model,DbModelMysql,164,204,2,6,41,55,3,10,1,8
Waarp Proxy in R66 protocol/WaarpCommon,org.waarp.common.database.model,DbModelOracle.DbTypeResolverOracle,6,0,0,0,2,0,2,0,2,0
Waarp Proxy in R66 protocol/WaarpCommon,org.waarp.common.database.model,DbModelAbstract,307,39,32,4,111,14,24,7,7,6
Waarp Proxy in R66 protocol/WaarpCommon,org.waarp.common.database.model,DbModelCommonMariadbMySql,145,12,4,0,40,4,6,2,4,2
Waarp Proxy in R66 protocol/WaarpCommon,org.waarp.common.database.model,DbModelOracle,369,0,12,0,100,0,18,0,12,0
Waarp Proxy in R66 protocol/WaarpCommon,org.waarp.common.database.model,DbModelMysql.DbTypeResolverMySQL,4,6,0,0,2,2,2,2,2,2
Waarp Proxy in R66 protocol/WaarpCommon,org.waarp.common.utility,Base64.InnerInputStream,31,281,12,36,9,52,11,17,1,3
Waarp Proxy in R66 protocol/WaarpCommon,org.waarp.common.utility,Base64.InnerOutputStream,58,253,10,22,16,44,11,13,3,5
Waarp Proxy in R66 protocol/WaarpCommon,org.waarp.common.utility,DetectionUtils,41,53,5,1,20,21,6,7,3,7
Waarp Proxy in R66 protocol/WaarpCommon,org.waarp.common.utility,WaarpShutdownHook.ShutdownConfiguration,0,6,0,0,0,2,0,1,0,1
Waarp Proxy in R66 protocol/WaarpCommon,org.waarp.common.utility,WaarpShutdownHook.ShutdownTimerTask,25,25,5,3,6,11,4,3,0,3
Waarp Proxy in R66 protocol/WaarpCommon,org.waarp.common.utility,ThreadLocalRandom,4,44,1,1,1,9,1,5,0,5
Waarp Proxy in R66 protocol/WaarpCommon,org.waarp.common.utility,SystemPropertyUtil.Platform,0,54,0,0,0,6,0,1,0,1
Waarp Proxy in R66 protocol/WaarpCommon,org.waarp.common.utility,WaarpNettyUtil,31,286,9,23,15,61,8,20,1,11
Waarp Proxy in R66 protocol/WaarpCommon,org.waarp.common.utility,SingletonUtils.VoidOutputStream,0,5,0,0,0,5,0,5,0,5
Waarp Proxy in R66 protocol/WaarpCommon,org.waarp.common.utility,FileConvert,239,178,37,25,60,50,26,12,3,4
Waarp Proxy in R66 protocol/WaarpCommon,org.waarp.common.utility,StringUtils,17,94,4,8,5,24,3,7,0,4
Waarp Proxy in R66 protocol/WaarpCommon,org.waarp.common.utility,WaarpStringUtils,221,147,19,11,55,43,17,13,4,11
Waarp Proxy in R66 protocol/WaarpCommon,org.waarp.common.utility,ThreadLocalRandom.new ThreadLocal() {...},0,7,0,0,0,2,0,2,0,2
Waarp Proxy in R66 protocol/WaarpCommon,org.waarp.common.utility,Hexa,45,201,2,8,7,21,4,8,3,4
Waarp Proxy in R66 protocol/WaarpCommon,org.waarp.common.utility,SingletonUtils,0,26,0,0,0,9,0,7,0,7
Waarp Proxy in R66 protocol/WaarpCommon,org.waarp.common.utility,Version,9,35,0,0,4,10,2,3,2,3
Waarp Proxy in R66 protocol/WaarpCommon,org.waarp.common.utility,ParametersChecker,10,338,4,54,2,61,4,35,0,10
Waarp Proxy in R66 protocol/WaarpCommon,org.waarp.common.utility,WaarpShutdownHook,324,237,41,25,78,93,30,22,3,16
Waarp Proxy in R66 protocol/WaarpCommon,org.waarp.common.utility,Base64,333,5084,52,80,54,243,49,46,1,27
Waarp Proxy in R66 protocol/WaarpCommon,org.waarp.common.utility,SingletonUtils.NullInputStream,0,15,0,0,0,9,0,9,0,9
Waarp Proxy in R66 protocol/WaarpCommon,org.waarp.common.utility,SystemPropertyUtil,282,733,39,71,64,191,31,52,1,27
Waarp Proxy in R66 protocol/WaarpCommon,org.waarp.common.utility,Base64.new ObjectInputStream() {...},22,0,2,0,6,0,3,0,2,0
Waarp Proxy in R66 protocol/WaarpCommon,org.waarp.common.utility,WaarpThreadFactory,0,67,0,0,0,13,0,3,0,3
Waarp Proxy in R66 protocol/WaarpCommon,org.waarp.common.utility,BaseXx,0,158,0,0,0,31,0,11,0,11
Waarp Proxy in R66 protocol/WaarpCommon,org.waarp.common.xml,XmlHash,17,187,3,19,3,41,5,21,2,13
Waarp Proxy in R66 protocol/WaarpCommon,org.waarp.common.xml,XmlType,45,335,34,41,4,38,34,26,4,13
Waarp Proxy in R66 protocol/WaarpCommon,org.waarp.common.xml,XmlValue,949,655,119,88,166,162,94,62,6,28
Waarp Proxy in R66 protocol/WaarpCommon,org.waarp.common.xml,XmlUtil,166,985,34,102,39,270,32,71,3,32
Waarp Proxy in R66 protocol/WaarpCommon,org.waarp.common.xml,XmlRootHash,0,26,0,2,0,4,0,2,0,1
Waarp Proxy in R66 protocol/WaarpCommon,org.waarp.common.xml,XmlDecl,116,116,23,11,24,35,19,13,3,12
Waarp Proxy in R66 protocol/WaarpCommon,org.waarp.common.crypto,Des,2,9,0,0,1,4,1,4,1,4
Waarp Proxy in R66 protocol/WaarpCommon,org.waarp.common.crypto,HmacSha256,93,18,2,0,24,6,7,4,6,4
Waarp Proxy in R66 protocol/WaarpCommon,org.waarp.common.crypto,KeyManager,227,0,18,0,61,0,16,0,7,0
Waarp Proxy in R66 protocol/WaarpCommon,org.waarp.common.crypto,DynamicKeyManager,323,0,20,0,91,0,17,0,7,0
Waarp Proxy in R66 protocol/WaarpCommon,org.waarp.common.crypto,DesManager,12,0,0,0,3,0,3,0,3,0
Waarp Proxy in R66 protocol/WaarpCommon,org.waarp.common.crypto,DynamicKeyObject.INSTANCES,0,89,0,0,0,10,0,2,0,2
Waarp Proxy in R66 protocol/WaarpCommon,org.waarp.common.crypto,HmacSha256Manager,14,0,0,0,4,0,4,0,4,0
Waarp Proxy in R66 protocol/WaarpCommon,org.waarp.common.crypto,BlowfishManager,14,0,0,0,4,0,4,0,4,0
Waarp Proxy in R66 protocol/WaarpCommon,org.waarp.common.crypto,DynamicKeyObject,39,24,0,0,13,9,3,4,3,4
Waarp Proxy in R66 protocol/WaarpCommon,org.waarp.common.crypto,AesManager,14,0,0,0,4,0,4,0,4,0
Waarp Proxy in R66 protocol/WaarpCommon,org.waarp.common.crypto,Aes,11,0,0,0,5,0,5,0,5,0
Waarp Proxy in R66 protocol/WaarpCommon,org.waarp.common.crypto,KeyObject,104,245,10,8,32,67,13,21,4,21
Waarp Proxy in R66 protocol/WaarpCommon,org.waarp.common.crypto,DynamicKeyObject.INSTANCESMAX,0,89,0,0,0,10,0,2,0,2
Waarp Proxy in R66 protocol/WaarpCommon,org.waarp.common.crypto,Blowfish,2,9,0,0,1,4,1,4,1,4
Waarp Proxy in R66 protocol/WaarpCommon,org.waarp.common.crypto,HmacSha1Manager,14,0,0,0,4,0,4,0,4,0
Waarp Proxy in R66 protocol/WaarpCommon,org.waarp.common.crypto,HmacSha1,19,18,0,0,5,6,5,4,5,4
Waarp Proxy in R66 protocol/WaarpCommon,org.waarp.common.logging,WaarpJdkLoggerFactory,2,74,1,14,1,27,1,12,0,4
Waarp Proxy in R66 protocol/WaarpCommon,org.waarp.common.logging,WaarpSlf4JLoggerFactory,39,100,12,11,13,32,11,8,0,6
Waarp Proxy in R66 protocol/WaarpCommon,org.waarp.common.logging,WaarpJdkLogger,102,429,31,33,16,109,32,34,2,32
Waarp Proxy in R66 protocol/WaarpCommon,org.waarp.common.logging,WaarpSlf4JLogger,165,268,16,24,20,58,18,33,5,26
Waarp Proxy in R66 protocol/WaarpCommon,org.waarp.common.logging,FormattingTuple,0,60,0,6,0,18,0,9,0,6
Waarp Proxy in R66 protocol/WaarpCommon,org.waarp.common.logging,WaarpLogLevel,0,54,0,0,0,6,0,1,0,1
Waarp Proxy in R66 protocol/WaarpCommon,org.waarp.common.logging,WaarpLoggerFactory,18,105,3,13,6,42,4,17,1,12
Waarp Proxy in R66 protocol/WaarpCommon,org.waarp.common.logging,SysErrLogger,11,57,0,0,2,18,1,9,1,9
Waarp Proxy in R66 protocol/WaarpCommon,org.waarp.common.logging,PrintOnlyWarningLogbackStatusListener,0,34,0,6,0,11,0,6,0,3
Waarp Proxy in R66 protocol/WaarpCommon,org.waarp.common.logging,WaarpSlf4JLoggerFactory.new OutputStream() {...},7,9,0,0,2,1,1,1,1,1
Waarp Proxy in R66 protocol/WaarpCommon,org.waarp.common.logging,MessageFormatter,128,578,19,71,24,133,17,45,0,17
Waarp Proxy in R66 protocol/WaarpCommon,org.waarp.common.logging,AbstractWaarpLogger,254,122,41,9,84,41,46,14,13,11
Waarp Proxy in R66 protocol/WaarpCommon,org.waarp.common.json,JsonHandler,175,252,19,17,56,69,28,33,13,30
Waarp Proxy in R66 protocol/WaarpCommon,org.waarp.common.json,JsonHandler.new TypeReference() {...},0,3,0,0,0,1,0,1,0,1
Waarp Proxy in R66 protocol/WaarpCommon,org.waarp.common.future,WaarpCompletedFuture,33,0,6,0,11,0,13,0,10,0
Waarp Proxy in R66 protocol/WaarpCommon,org.waarp.common.future,WaarpFuture,84,238,22,36,29,68,18,29,3,15
Waarp Proxy in R66 protocol/WaarpCommon,org.waarp.common.future,WaarpSucceededFuture,9,0,0,0,4,0,4,0,4,0
Waarp Proxy in R66 protocol/WaarpCommon,org.waarp.common.future,WaarpLock,4,22,0,0,2,12,0,4,0,4
Waarp Proxy in R66 protocol/WaarpCommon,org.waarp.common.future,WaarpFailedFuture,40,0,6,0,12,0,7,0,4,0
Waarp Proxy in R66 protocol/WaarpCommon,org.waarp.common.future,WaarpChannelFuture,14,0,0,0,7,0,4,0,4,0
Waarp Proxy in R66 protocol/WaarpCommon,org.waarp.common.exception,CryptoException,9,0,0,0,4,0,2,0,2,0
Waarp Proxy in R66 protocol/WaarpCommon,org.waarp.common.exception,FileTransferException,9,0,0,0,4,0,2,0,2,0
Waarp Proxy in R66 protocol/WaarpCommon,org.waarp.common.exception,IllegalFiniteStateException,12,4,0,0,6,2,3,1,3,1
Waarp Proxy in R66 protocol/WaarpCommon,org.waarp.common.exception,FileEndOfTransferException,5,4,0,0,2,2,1,1,1,1
Waarp Proxy in R66 protocol/WaarpCommon,org.waarp.common.exception,InvalidArgumentException,0,9,0,0,0,4,0,2,0,2
Waarp Proxy in R66 protocol/WaarpCommon,org.waarp.common.exception,NoRestartException,9,0,0,0,4,0,2,0,2,0
Waarp Proxy in R66 protocol/WaarpCommon,org.waarp.common.role,RoleDefault.ROLE,14,447,7,29,7,64,7,31,0,10
Waarp Proxy in R66 protocol/WaarpCommon,org.waarp.common.role,RoleDefault,40,102,2,2,9,26,10,19,9,18
Waarp Proxy in R66 protocol/WaarpCommon,org.waarp.common.file,Restart,3,16,0,0,1,7,1,3,1,3
Waarp Proxy in R66 protocol/WaarpCommon,org.waarp.common.file,AbstractFile,58,18,5,1,19,7,7,3,4,3
Waarp Proxy in R66 protocol/WaarpCommon,org.waarp.common.file,FileUtils,152,607,57,101,64,183,57,45,1,22
Waarp Proxy in R66 protocol/WaarpCommon,org.waarp.common.file,DataBlock,372,77,34,2,78,26,39,8,21,8
Waarp Proxy in R66 protocol/WaarpCommon,org.waarp.common.file,AbstractDir,158,376,24,46,33,90,21,34,2,18
Waarp Proxy in R66 protocol/WaarpCommon,org.waarp.common.database.exception,WaarpDatabaseException,3,13,0,0,2,6,1,3,1,3
Waarp Proxy in R66 protocol/WaarpCommon,org.waarp.common.database.exception,WaarpDatabaseNoConnectionException,8,8,0,0,4,4,2,2,2,2
Waarp Proxy in R66 protocol/WaarpCommon,org.waarp.common.database.exception,WaarpDatabaseSqlException,11,5,0,0,6,2,3,1,3,1
Waarp Proxy in R66 protocol/WaarpCommon,org.waarp.common.database.exception,WaarpDatabaseNoDataException,7,9,0,0,4,4,2,2,2,2
Waarp Proxy in R66 protocol/WaarpCommon,org.waarp.common.guid,JvmProcessId,184,341,38,40,55,99,33,19,2,11
Waarp Proxy in R66 protocol/WaarpCommon,org.waarp.common.guid,IntegerUuid,30,329,5,7,5,44,5,12,0,11
Waarp Proxy in R66 protocol/WaarpCommon,org.waarp.common.guid,JvmProcessId.new PrivilegedAction() {...},5,0,0,0,2,0,2,0,2,0
Waarp Proxy in R66 protocol/WaarpCommon,org.waarp.common.guid,GUID,230,773,24,38,36,145,23,35,4,23
Waarp Proxy in R66 protocol/WaarpCommon,org.waarp.common.guid,LongUuid,30,539,5,7,5,58,5,13,0,12
Waarp Proxy in R66 protocol/WaarpCommon,org.waarp.common.transcode,CharsetsUtil,27,358,10,34,10,96,10,17,0,4
Waarp Proxy in R66 protocol/WaarpCommon,org.waarp.common.command,NextCommandReply,12,0,0,0,5,0,1,0,1,0
Waarp Proxy in R66 protocol/WaarpCommon,org.waarp.common.command,ReplyCode,192,609,57,1,68,64,55,5,2,5
Waarp Proxy in R66 protocol/WaarpCommon,org.waarp.common.database,DbConnectionPool.Con,32,0,4,0,11,0,5,0,3,0
Waarp Proxy in R66 protocol/WaarpCommon,org.waarp.common.database,DbConnectionPool,291,98,45,9,87,31,35,9,8,9
Waarp Proxy in R66 protocol/WaarpCommon,org.waarp.common.database,DbConnectionPool.TimeoutException,4,0,0,0,2,0,1,0,1,0
Waarp Proxy in R66 protocol/WaarpCommon,org.waarp.common.database,DbAdmin,194,231,15,17,53,69,17,24,6,19
Waarp Proxy in R66 protocol/WaarpCommon,org.waarp.common.database,DbSession,457,405,48,28,146,120,36,36,9,25
Waarp Proxy in R66 protocol/WaarpCommon,org.waarp.common.database,DbConnectionPool.PoolConnectionEventListener,24,6,0,0,8,1,2,1,2,1
Waarp Proxy in R66 protocol/WaarpCommon,org.waarp.common.database,DbConnectionPool.TimerTaskCheckConnections,84,0,12,0,25,0,8,0,2,0
Waarp Proxy in R66 protocol/WaarpCommon,org.waarp.common.database,DbConstant,3,0,0,0,1,0,1,0,1,0
Waarp Proxy in R66 protocol/WaarpCommon,org.waarp.common.database,DbSession.TryDisconnectDbSession,23,0,2,0,8,0,3,0,2,0
Waarp Proxy in R66 protocol/WaarpCommon,org.waarp.common.database,DbPreparedStatement,371,314,27,25,93,93,26,16,3,13
Waarp Proxy in R66 protocol/WaarpCommon,org.waarp.common.database,DbRequest,250,122,21,9,63,35,18,8,5,6
Waarp Proxy in R66 protocol/WaarpCommon,org.waarp.common.database,ConnectionFactory,101,185,5,13,29,50,11,12,6,8
Waarp Proxy in R66 protocol/WaarpCommon,org.waarp.common.command.exception,Reply451Exception,5,0,0,0,2,0,1,0,1,0
Waarp Proxy in R66 protocol/WaarpCommon,org.waarp.common.command.exception,CommandAbstractException,36,11,2,0,6,4,4,1,3,1
Waarp Proxy in R66 protocol/WaarpCommon,org.waarp.common.command.exception,Reply503Exception,5,0,0,0,2,0,1,0,1,0
Waarp Proxy in R66 protocol/WaarpCommon,org.waarp.common.command.exception,Reply501Exception,5,0,0,0,2,0,1,0,1,0
Waarp Proxy in R66 protocol/WaarpCommon,org.waarp.common.command.exception,Reply425Exception,5,0,0,0,2,0,1,0,1,0
Waarp Proxy in R66 protocol/WaarpCommon,org.waarp.common.command.exception,Reply552Exception,5,0,0,0,2,0,1,0,1,0
Waarp Proxy in R66 protocol/WaarpCommon,org.waarp.common.command.exception,Reply534Exception,5,0,0,0,2,0,1,0,1,0
Waarp Proxy in R66 protocol/WaarpCommon,org.waarp.common.command.exception,Reply426Exception,5,0,0,0,2,0,1,0,1,0
Waarp Proxy in R66 protocol/WaarpCommon,org.waarp.common.command.exception,Reply502Exception,5,0,0,0,2,0,1,0,1,0
Waarp Proxy in R66 protocol/WaarpCommon,org.waarp.common.command.exception,Reply450Exception,5,0,0,0,2,0,1,0,1,0
Waarp Proxy in R66 protocol/WaarpCommon,org.waarp.common.command.exception,Reply530Exception,0,5,0,0,0,2,0,1,0,1
Waarp Proxy in R66 protocol/WaarpCommon,org.waarp.common.command.exception,Reply553Exception,5,0,0,0,2,0,1,0,1,0
Waarp Proxy in R66 protocol/WaarpCommon,org.waarp.common.command.exception,Reply522Exception,5,0,0,0,2,0,1,0,1,0
Waarp Proxy in R66 protocol/WaarpCommon,org.waarp.common.command.exception,Reply550Exception,11,0,0,0,4,0,2,0,2,0
Waarp Proxy in R66 protocol/WaarpCommon,org.waarp.common.command.exception,Reply504Exception,5,0,0,0,2,0,1,0,1,0
Waarp Proxy in R66 protocol/WaarpCommon,org.waarp.common.command.exception,Reply452Exception,5,0,0,0,2,0,1,0,1,0
Waarp Proxy in R66 protocol/WaarpCommon,org.waarp.common.command.exception,Reply500Exception,5,0,0,0,2,0,1,0,1,0
Waarp Proxy in R66 protocol/WaarpCommon,org.waarp.common.command.exception,Reply421Exception,5,0,0,0,2,0,1,0,1,0
Waarp Proxy in R66 protocol/WaarpCommon,org.waarp.common.crypto.ssl,WaarpSecureKeyStore,531,153,5,3,169,54,13,12,9,12
Waarp Proxy in R66 protocol/WaarpCommon,org.waarp.common.crypto.ssl,WaarpSslUtility.new ChannelFutureListener() {...},0,17,0,2,0,5,0,3,0,2
Waarp Proxy in R66 protocol/WaarpCommon,org.waarp.common.crypto.ssl,WaarpSslUtility.new GenericFutureListener() {...},34,0,0,0,5,0,2,0,2,0
Waarp Proxy in R66 protocol/WaarpCommon,org.waarp.common.crypto.ssl,WaarpSslUtility.new GenericFutureListener() {...},20,0,0,0,3,0,2,0,2,0
Waarp Proxy in R66 protocol/WaarpCommon,org.waarp.common.crypto.ssl,WaarpSslUtility.new GenericFutureListener() {...},12,25,2,2,2,5,2,2,0,2
Waarp Proxy in R66 protocol/WaarpCommon,org.waarp.common.crypto.ssl,WaarpSslUtility,106,190,16,16,26,54,13,13,1,9
Waarp Proxy in R66 protocol/WaarpCommon,org.waarp.common.crypto.ssl,WaarpX509TrustManager,11,62,5,5,4,18,5,6,0,6
Waarp Proxy in R66 protocol/WaarpCommon,org.waarp.common.crypto.ssl,WaarpSslUtility.SslThread,0,25,0,0,0,7,0,2,0,2
Waarp Proxy in R66 protocol/WaarpCommon,org.waarp.common.crypto.ssl,WaarpSslContextFactory,104,167,13,11,34,66,11,11,2,8
Waarp Proxy in R66 protocol/WaarpCommon,org.waarp.common.crypto.ssl,WaarpSecureTrustManagerFactory,5,58,0,0,3,15,3,5,3,5
Waarp Proxy in R66 protocol/WaarpCommon,org.waarp.common.crypto.ssl,WaarpSslHandler,5,23,0,0,2,8,1,3,1,3
Waarp Proxy in R66 protocol/WaarpCommon,org.waarp.common.lru,ConcurrentUtility,0,2,0,0,0,1,0,1,0,1
Waarp Proxy in R66 protocol/WaarpCommon,org.waarp.common.lru,SoftReferenceCacheEntry,1,51,1,5,0,13,1,6,0,4
Waarp Proxy in R66 protocol/WaarpCommon,org.waarp.common.lru,AbstractLruCache,1,128,3,15,0,37,3,19,0,13
Waarp Proxy in R66 protocol/WaarpCommon,org.waarp.common.lru,StrongReferenceCacheEntry,1,45,1,5,0,12,1,6,0,4
Waarp Proxy in R66 protocol/WaarpCommon,org.waarp.common.lru,SoftReferenceSynchronizedLruCache,13,11,0,0,4,3,2,2,2,2
Waarp Proxy in R66 protocol/WaarpCommon,org.waarp.common.lru,CapacityLruLinkedHashMap,0,28,0,4,0,7,0,5,0,3
Waarp Proxy in R66 protocol/WaarpCommon,org.waarp.common.lru,SimpleLRUCache,6,20,0,2,1,4,1,3,1,2
Waarp Proxy in R66 protocol/WaarpCommon,org.waarp.common.lru,SynchronizedLruCache,10,120,1,7,4,34,2,15,1,12
Waarp Proxy in R66 protocol/WaarpCommon,org.waarp.common.database.data,AbstractDbData.UpdatedInfo,0,74,0,0,0,8,0,1,0,1
Waarp Proxy in R66 protocol/WaarpCommon,org.waarp.common.database.data,DbDataModel.Columns,74,0,0,0,3,0,1,0,1,0
Waarp Proxy in R66 protocol/WaarpCommon,org.waarp.common.database.data,DbValue,160,639,4,42,30,240,4,87,0,51
Waarp Proxy in R66 protocol/WaarpCommon,org.waarp.common.database.data,AbstractDbData,1024,19,118,0,258,9,92,3,12,3
Waarp Proxy in R66 protocol/WaarpCommon,org.waarp.common.database.data,DbDataModel,841,0,28,0,155,0,33,0,19,0
Waarp Proxy in R66 protocol/WaarpCommon,org.waarp.common.file.filesystembased,FilesystemBasedAuthImpl,57,76,7,3,16,24,7,11,3,10
Waarp Proxy in R66 protocol/WaarpCommon,org.waarp.common.file.filesystembased,FilesystemBasedDirImpl,806,775,93,73,166,195,86,28,16,15
Waarp Proxy in R66 protocol/WaarpCommon,org.waarp.common.file.filesystembased,FilesystemBasedOptsMLSxImpl,278,58,36,0,75,23,30,9,12,9
Waarp Proxy in R66 protocol/WaarpCommon,org.waarp.common.file.filesystembased,FilesystemBasedFileParameterImpl,0,3,0,0,0,1,0,1,0,1
Waarp Proxy in R66 protocol/WaarpCommon,org.waarp.common.file.filesystembased,FilesystemBasedRestartImpl,33,26,7,1,10,10,5,3,1,3
Waarp Proxy in R66 protocol/WaarpCommon,org.waarp.common.file.filesystembased,FilesystemBasedFileImpl,398,520,55,63,128,160,53,39,9,24
Waarp Proxy in R66 protocol/WaarpCommon,org.waarp.common.file.filesystembased.specific,FilesystemBasedDirJdkAbstract,0,6,0,0,0,2,0,2,0,2
Waarp Proxy in R66 protocol/WaarpCommon,org.waarp.common.file.filesystembased.specific,FilesystemBasedDirJdk5,13,0,2,0,5,0,4,0,3,0
Waarp Proxy in R66 protocol/WaarpCommon,org.waarp.common.file.filesystembased.specific,FilesystemBasedDirJdk6,6,6,0,0,3,2,1,2,1,2
Waarp Proxy in R66 protocol/WaarpCommon,org.waarp.common.file.filesystembased.specific,FilesystemBasedCommonsIo,8,5,0,0,3,1,1,1,1,1
Waarp Proxy in R66 protocol/WaarpCommon,org.waarp.common.cpu,WaarpConstraintLimitHandler.CurLimits,9,0,0,0,4,0,1,0,1,0
Waarp Proxy in R66 protocol/WaarpCommon,org.waarp.common.cpu,CpuManagementSysmon,10,57,1,3,3,16,1,3,0,2
Waarp Proxy in R66 protocol/WaarpCommon,org.waarp.common.cpu,WaarpConstraintLimitHandler,474,394,57,49,94,95,45,25,6,11
Waarp Proxy in R66 protocol/WaarpCommon,org.waarp.common.cpu,CpuManagement,8,16,1,1,2,5,1,2,0,2
Waarp Proxy in R66 protocol/WaarpCommon,org.waarp.common.cpu,CpuManagementNoInfo,2,3,0,0,1,1,1,1,1,1
Waarp Proxy in R66 protocol/WaarpCommon,org.waarp.common.database.properties,H2Properties,0,11,0,0,0,6,0,5,0,5
Waarp Proxy in R66 protocol/WaarpCommon,org.waarp.common.database.properties,MariaDBProperties,7,39,3,3,3,17,3,5,0,5
Waarp Proxy in R66 protocol/WaarpCommon,org.waarp.common.database.properties,PostgreSQLProperties,7,39,3,3,3,17,3,5,0,5
Waarp Proxy in R66 protocol/WaarpCommon,org.waarp.common.database.properties,OracleProperties,44,2,6,0,19,1,7,1,4,1
Waarp Proxy in R66 protocol/WaarpCommon,org.waarp.common.database.properties,MySQLProperties,7,39,3,3,3,17,3,5,0,5
Waarp Proxy in R66 protocol/WaarpCommon,org.waarp.common.tar,ZipUtility,157,248,22,16,46,65,13,14,1,7
Waarp Proxy in R66 protocol/WaarpCommon,org.waarp.common.tar,TarUtility,160,251,23,15,47,66,14,13,1,7
Waarp Proxy in R66 protocol/WaarpCommon,org.waarp.common.state,MachineState,17,107,3,5,4,28,5,11,2,10
Waarp Proxy in R66 protocol/WaarpCommon,org.waarp.common.state,Transition,0,23,0,0,0,10,0,5,0,5
Waarp Proxy in R66 protocol/WaarpCommon,org.waarp.common.service,ServiceLauncher,228,0,32,0,93,0,30,0,14,0
Waarp Proxy in R66 protocol/WaarpCommon,org.waarp.common.service,EngineAbstract,3,0,0,0,1,0,1,0,1,0
Waarp Proxy in R66 protocol/WaarpCommon,org.waarp.common.filemonitor,FileMonitor.FileMonitorTimerInformationTask,39,74,3,7,9,18,3,4,0,2
Waarp Proxy in R66 protocol/WaarpCommon,org.waarp.common.filemonitor,RegexFileFilter,17,54,5,9,4,13,5,6,1,3
Waarp Proxy in R66 protocol/WaarpCommon,org.waarp.common.filemonitor,FileMonitor.Status,0,54,0,0,0,2,0,1,0,1
Waarp Proxy in R66 protocol/WaarpCommon,org.waarp.common.filemonitor,FileMonitor.FileItem,71,112,23,1,5,21,14,5,2,5
Waarp Proxy in R66 protocol/WaarpCommon,org.waarp.common.filemonitor,FileMonitor.FileMonitorTimerTask,36,46,2,4,10,15,2,3,0,2
Waarp Proxy in R66 protocol/WaarpCommon,org.waarp.common.filemonitor,FileMonitor.new FileFilter() {...},0,9,0,0,0,2,0,2,0,2
Waarp Proxy in R66 protocol/WaarpCommon,org.waarp.common.filemonitor,FileMonitor.new FileMonitorCommandRunnableFuture() {...},7,0,0,0,3,0,2,0,2,0
Waarp Proxy in R66 protocol/WaarpCommon,org.waarp.common.filemonitor,FileMonitor.new FileMonitorCommandRunnableFuture() {...},16,0,0,0,4,0,2,0,2,0
Waarp Proxy in R66 protocol/WaarpCommon,org.waarp.common.filemonitor,FileMonitor.new FileMonitorCommandRunnableFuture() {...},20,0,0,0,5,0,2,0,2,0
Waarp Proxy in R66 protocol/WaarpCommon,org.waarp.common.filemonitor,FileMonitorCommandRunnableFuture,33,165,13,23,10,39,13,19,2,12
Waarp Proxy in R66 protocol/WaarpCommon,org.waarp.common.filemonitor,FileMonitor.new TypeReference() {...},6,0,0,0,1,0,1,0,1,0
Waarp Proxy in R66 protocol/WaarpCommon,org.waarp.common.filemonitor,FileMonitor,396,1171,67,133,123,289,64,76,9,29
Waarp Proxy in R66 protocol/WaarpCommon,org.waarp.common.filemonitor,FileMonitor.FileMonitorInformation,0,42,0,0,0,16,0,2,0,2
Waarp Proxy in R66 protocol/WaarpPassword,org.waarp.uip,WaarpUiPassword.new AbstractAction() {...},88,0,6,0,17,0,5,0,2,0
Waarp Proxy in R66 protocol/WaarpPassword,org.waarp.uip,WaarpUiPassword.new FocusAdapter() {...},48,0,2,0,12,0,3,0,2,0
Waarp Proxy in R66 protocol/WaarpPassword,org.waarp.uip,WaarpUiPassword.new FocusAdapter() {...},44,0,2,0,11,0,3,0,2,0
Waarp Proxy in R66 protocol/WaarpPassword,org.waarp.uip,WaarpUiPassword.new AbstractAction() {...},61,0,2,0,15,0,3,0,2,0
Waarp Proxy in R66 protocol/WaarpPassword,org.waarp.uip,WaarpUiPassword.new AbstractAction() {...},14,0,0,0,3,0,2,0,2,0
Waarp Proxy in R66 protocol/WaarpPassword,org.waarp.uip,WaarpUiPassword.new Runnable() {...},14,0,0,0,5,0,2,0,2,0
Waarp Proxy in R66 protocol/WaarpPassword,org.waarp.uip,WaarpUiPassword.new AbstractAction() {...},14,0,0,0,3,0,2,0,2,0
Waarp Proxy in R66 protocol/WaarpPassword,org.waarp.uip,WaarpUiPassword.new AbstractAction() {...},13,0,0,0,3,0,2,0,2,0
Waarp Proxy in R66 protocol/WaarpPassword,org.waarp.uip,WaarpUiPassword.new FocusAdapter() {...},41,0,2,0,11,0,3,0,2,0
Waarp Proxy in R66 protocol/WaarpPassword,org.waarp.uip,WaarpUiPassword.new AbstractAction() {...},73,0,2,0,18,0,3,0,2,0
Waarp Proxy in R66 protocol/WaarpPassword,org.waarp.uip,WaarpUiPassword.new WindowAdapter() {...},18,0,0,0,5,0,3,0,3,0
Waarp Proxy in R66 protocol/WaarpPassword,org.waarp.uip,WaarpUiPassword.new AbstractAction() {...},74,0,4,0,16,0,4,0,2,0
Waarp Proxy in R66 protocol/WaarpPassword,org.waarp.uip,WaarpUiPassword.new AbstractAction() {...},23,0,0,0,7,0,2,0,2,0
Waarp Proxy in R66 protocol/WaarpPassword,org.waarp.uip,WaarpUiPassword.new AbstractAction() {...},24,0,0,0,8,0,2,0,2,0
Waarp Proxy in R66 protocol/WaarpPassword,org.waarp.uip,WaarpPassword,201,416,36,70,63,124,33,38,4,14
Waarp Proxy in R66 protocol/WaarpPassword,org.waarp.uip,WaarpUiPassword,1136,0,44,0,268,0,44,0,22,0
Waarp Proxy in R66 protocol/WaarpR66,org.waarp.openr66.dao.exception,DAOConnectionException,5,8,0,0,2,4,1,2,1,2
Waarp Proxy in R66 protocol/WaarpR66,org.waarp.openr66.dao.exception,DAONoDataException,9,4,0,0,4,2,2,1,2,1
Waarp Proxy in R66 protocol/WaarpR66,org.waarp.openr66.dao.exception,DAOException,5,8,0,0,2,4,1,2,1,2
Waarp Proxy in R66 protocol/WaarpR66,org.waarp.openr66.protocol.utils,ChannelUtils,58,405,20,38,19,132,17,26,1,13
Waarp Proxy in R66 protocol/WaarpR66,org.waarp.openr66.protocol.utils,ChannelCloseTimer,34,62,10,8,11,20,9,7,2,5
Waarp Proxy in R66 protocol/WaarpR66,org.waarp.openr66.protocol.utils,R66Versions,0,72,0,0,0,8,0,2,0,2
Waarp Proxy in R66 protocol/WaarpR66,org.waarp.openr66.protocol.utils,NbAndSpecialId,0,6,0,0,0,2,0,1,0,1
Waarp Proxy in R66 protocol/WaarpR66,org.waarp.openr66.protocol.utils,R66ShutdownHook,0,6,0,0,0,4,0,2,0,2
Waarp Proxy in R66 protocol/WaarpR66,org.waarp.openr66.protocol.utils,TransferUtils,713,72,84,8,232,22,51,5,5,3
Waarp Proxy in R66 protocol/WaarpR66,org.waarp.openr66.protocol.utils,FileUtils,96,91,12,14,26,27,11,6,0,4
Waarp Proxy in R66 protocol/WaarpR66,org.waarp.openr66.protocol.utils,Version,4,0,0,0,2,0,1,0,1,0
Waarp Proxy in R66 protocol/WaarpR66,org.waarp.openr66.protocol.utils,ChannelUtils.new GenericFutureListener() {...},0,10,0,0,0,3,0,2,0,2
Waarp Proxy in R66 protocol/WaarpR66,org.waarp.openr66.protocol.utils,R66Future,4,61,1,3,2,14,2,9,1,8
Waarp Proxy in R66 protocol/WaarpR66,org.waarp.openr66.protocol.localhandler.packet,KeepAlivePacket,5,86,1,3,1,24,1,10,0,9
Waarp Proxy in R66 protocol/WaarpR66,org.waarp.openr66.protocol.localhandler.packet,AuthentPacket,78,295,11,15,11,69,13,12,2,10
Waarp Proxy in R66 protocol/WaarpR66,org.waarp.openr66.protocol.localhandler.packet,InformationPacket.ASKENUM,0,44,0,0,0,2,0,1,0,1
Waarp Proxy in R66 protocol/WaarpR66,org.waarp.openr66.protocol.localhandler.packet,BlockRequestPacket,117,0,6,0,25,0,11,0,8,0
Waarp Proxy in R66 protocol/WaarpR66,org.waarp.openr66.protocol.localhandler.packet,EndRequestPacket,83,135,7,7,14,40,9,11,3,10
Waarp Proxy in R66 protocol/WaarpR66,org.waarp.openr66.protocol.localhandler.packet,ValidPacket,0,182,0,8,0,41,0,14,0,10
Waarp Proxy in R66 protocol/WaarpR66,org.waarp.openr66.protocol.localhandler.packet,ConnectionErrorPacket,22,126,4,8,3,31,7,7,3,5
Waarp Proxy in R66 protocol/WaarpR66,org.waarp.openr66.protocol.localhandler.packet,BusinessRequestPacket,47,161,3,5,10,43,6,11,3,10
Waarp Proxy in R66 protocol/WaarpR66,org.waarp.openr66.protocol.localhandler.packet,ShutdownPacket,159,0,16,0,37,0,17,0,9,0
Waarp Proxy in R66 protocol/WaarpR66,org.waarp.openr66.protocol.localhandler.packet,RequestPacket.TRANSFERMODE,0,94,0,0,0,3,0,1,0,1
Waarp Proxy in R66 protocol/WaarpR66,org.waarp.openr66.protocol.localhandler.packet,JsonCommandPacket,17,210,3,9,9,50,4,15,1,12
Waarp Proxy in R66 protocol/WaarpR66,org.waarp.openr66.protocol.localhandler.packet,ErrorPacket,7,180,7,7,1,41,7,9,0,9
Waarp Proxy in R66 protocol/WaarpR66,org.waarp.openr66.protocol.localhandler.packet,AbstractLocalPacket,64,221,24,24,15,55,25,9,4,6
Waarp Proxy in R66 protocol/WaarpR66,org.waarp.openr66.protocol.localhandler.packet,DataPacket,93,225,12,12,15,59,14,17,4,15
Waarp Proxy in R66 protocol/WaarpR66,org.waarp.openr66.protocol.localhandler.packet,InformationPacket,18,182,7,7,4,42,7,9,0,9
Waarp Proxy in R66 protocol/WaarpR66,org.waarp.openr66.protocol.localhandler.packet,NoOpPacket,4,29,0,0,1,10,1,5,1,5
Waarp Proxy in R66 protocol/WaarpR66,org.waarp.openr66.protocol.localhandler.packet,RequestPacket.FIELDS,0,94,0,0,0,2,0,1,0,1
Waarp Proxy in R66 protocol/WaarpR66,org.waarp.openr66.protocol.localhandler.packet,RequestPacket,301,540,29,65,45,130,27,61,4,37
Waarp Proxy in R66 protocol/WaarpR66,org.waarp.openr66.protocol.localhandler.packet,EndTransferPacket,47,183,4,10,6,53,6,15,3,11
Waarp Proxy in R66 protocol/WaarpR66,org.waarp.openr66.protocol.localhandler.packet,TestPacket,2,178,4,6,0,40,4,8,0,7
Waarp Proxy in R66 protocol/WaarpR66,org.waarp.openr66.protocol.localhandler.packet,LocalPacketFactory,70,83,8,13,15,28,8,13,1,1
Waarp Proxy in R66 protocol/WaarpR66,org.waarp.openr66.protocol.localhandler.packet,StartupPacket,89,11,0,0,20,5,6,2,6,2
Waarp Proxy in R66 protocol/WaarpR66,org.waarp.openr66.protocol.localhandler.packet,LocalPacketCodec,42,34,6,2,16,8,7,1,3,1
Waarp Proxy in R66 protocol/WaarpR66,org.waarp.openr66.protocol.http,HttpFormattedHandler.REPLACEMENT,0,64,0,0,0,3,0,1,0,1
Waarp Proxy in R66 protocol/WaarpR66,org.waarp.openr66.protocol.http,HttpFormattedHandler.REQUEST,0,163,0,0,0,21,0,6,0,6
Waarp Proxy in R66 protocol/WaarpR66,org.waarp.openr66.protocol.http,HttpInitializer,0,50,1,1,0,12,1,2,0,2
Waarp Proxy in R66 protocol/WaarpR66,org.waarp.openr66.protocol.http,HttpFormattedHandler,619,1295,68,69,162,334,50,42,3,17
Waarp Proxy in R66 protocol/WaarpR66,org.waarp.openr66.protocol.http.rest,HttpRestR66Initializer,53,12,4,0,12,5,3,1,1,1
Waarp Proxy in R66 protocol/WaarpR66,org.waarp.openr66.protocol.http.rest,HttpRestR66Handler.RESTHANDLERS,2,182,1,3,1,20,1,4,0,3
Waarp Proxy in R66 protocol/WaarpR66,org.waarp.openr66.protocol.http.rest,HttpRestR66Handler,186,625,44,28,49,145,36,11,1,10
Waarp Proxy in R66 protocol/WaarpR66,org.waarp.openr66.protocol.http.restv2.errors,RestErrors,217,0,0,0,30,0,15,0,15,0
Waarp Proxy in R66 protocol/WaarpR66,org.waarp.openr66.protocol.http.restv2.errors,RestErrorException,55,0,2,0,14,0,4,0,3,0
Waarp Proxy in R66 protocol/WaarpR66,org.waarp.openr66.protocol.http.restv2.errors,RestError,45,0,0,0,13,0,2,0,2,0
Waarp Proxy in R66 protocol/WaarpR66,org.waarp.openr66.protocol.http.rest.client,HttpRestR66Client,99,76,14,6,29,18,12,5,2,5
Waarp Proxy in R66 protocol/WaarpR66,org.waarp.openr66.protocol.http.rest.client,HttpRestR66ClientResponseHandler,280,326,37,41,76,87,30,22,2,9
Waarp Proxy in R66 protocol/WaarpR66,org.waarp.openr66.protocol.http.rest.client,HttpRestR66ClientInitializer,28,0,0,0,6,0,2,0,2,0
Waarp Proxy in R66 protocol/WaarpR66,org.waarp.openr66.dao,Filter,0,12,0,0,0,5,0,1,0,1
Waarp Proxy in R66 protocol/WaarpR66,org.waarp.openr66.dao,DAOFactory,19,39,2,4,7,20,3,7,1,6
Waarp Proxy in R66 protocol/WaarpR66,org.waarp.openr66.context,R66Result,0,151,0,12,0,42,0,22,0,16
Waarp Proxy in R66 protocol/WaarpR66,org.waarp.openr66.context,R66FiniteDualStates.R66Transition,0,399,0,0,0,30,0,2,0,2
Waarp Proxy in R66 protocol/WaarpR66,org.waarp.openr66.context,R66Session,894,1354,119,141,213,331,102,76,5,43
Waarp Proxy in R66 protocol/WaarpR66,org.waarp.openr66.context,R66FiniteDualStates,0,253,0,2,0,11,0,5,0,4
Waarp Proxy in R66 protocol/WaarpR66,org.waarp.openr66.context,ErrorCode,60,449,24,16,28,59,24,20,1,6
Waarp Proxy in R66 protocol/WaarpR66,org.waarp.openr66.context,R66DefaultBusinessFactory,0,13,0,0,0,6,0,4,0,4
Waarp Proxy in R66 protocol/WaarpR66,org.waarp.openr66.context.authentication,R66Auth,139,372,14,34,28,101,16,26,3,15
Waarp Proxy in R66 protocol/WaarpR66,org.waarp.openr66.protocol.http.restv2,RestConstants,31,20,0,0,11,10,2,2,2,2
Waarp Proxy in R66 protocol/WaarpR66,org.waarp.openr66.protocol.http.restv2,RestServiceInitializer,40,334,9,9,13,71,10,5,2,4
Waarp Proxy in R66 protocol/WaarpR66,org.waarp.openr66.protocol.http.restv2,RestServiceInitializer.new ChannelPipelineModifier() {...},18,52,2,4,4,13,2,3,0,2
Waarp Proxy in R66 protocol/WaarpR66,org.waarp.openr66.protocol.networkhandler,NetworkTransaction,625,1120,81,107,195,368,76,70,16,36
Waarp Proxy in R66 protocol/WaarpR66,org.waarp.openr66.protocol.networkhandler,NetworkServerHandler,362,492,39,63,105,162,30,32,0,11
Waarp Proxy in R66 protocol/WaarpR66,org.waarp.openr66.protocol.networkhandler,NetworkServerHandler.new ChannelFutureListener() {...},0,14,0,0,0,4,0,2,0,2
Waarp Proxy in R66 protocol/WaarpR66,org.waarp.openr66.protocol.networkhandler,NetworkChannelReference,177,347,33,33,51,95,30,30,10,17
Waarp Proxy in R66 protocol/WaarpR66,org.waarp.openr66.protocol.networkhandler,R66ConstraintLimitHandler,34,35,6,2,9,8,8,3,4,3
Waarp Proxy in R66 protocol/WaarpR66,org.waarp.openr66.protocol.networkhandler,NetworkTransaction.R66ShutdownNetworkChannelTimerTask,96,0,16,0,24,0,11,0,3,0
Waarp Proxy in R66 protocol/WaarpR66,org.waarp.openr66.protocol.networkhandler,NetworkTransaction.CloseFutureChannel,0,50,0,6,0,15,0,6,0,3
Waarp Proxy in R66 protocol/WaarpR66,org.waarp.openr66.protocol.networkhandler,NetworkServerInitializer,5,74,1,1,1,23,1,3,0,3
Waarp Proxy in R66 protocol/WaarpR66,org.waarp.openr66.protocol.networkhandler,ClientNetworkChannels,23,39,2,0,7,14,2,6,1,6
Waarp Proxy in R66 protocol/WaarpR66,org.waarp.openr66.client.spooledService,SpooledServiceLauncher,19,0,0,0,11,0,6,0,6,0
Waarp Proxy in R66 protocol/WaarpR66,org.waarp.openr66.client.spooledService,SpooledEngine,253,0,22,0,71,0,17,0,6,0
Waarp Proxy in R66 protocol/WaarpR66,org.waarp.openr66.dao.database,DBTransferDAO,219,874,21,23,62,172,19,30,5,22
Waarp Proxy in R66 protocol/WaarpR66,org.waarp.openr66.dao.database,DBDAOFactory,71,92,2,8,20,20,5,11,3,8
Waarp Proxy in R66 protocol/WaarpR66,org.waarp.openr66.dao.database,DBRuleDAO,17,386,6,10,6,73,6,19,0,17
Waarp Proxy in R66 protocol/WaarpR66,org.waarp.openr66.dao.database,DBLimitDAO,0,142,0,0,0,27,0,12,0,12
Waarp Proxy in R66 protocol/WaarpR66,org.waarp.openr66.dao.database,StatementExecutor,75,478,4,36,28,140,5,39,1,23
Waarp Proxy in R66 protocol/WaarpR66,org.waarp.openr66.dao.database,DBMultipleMonitorDAO,0,94,0,0,0,21,0,12,0,12
Waarp Proxy in R66 protocol/WaarpR66,org.waarp.openr66.dao.database,DBHostDAO,1,199,1,1,0,29,1,15,0,15
Waarp Proxy in R66 protocol/WaarpR66,org.waarp.openr66.dao.database,DBBusinessDAO,1,135,1,1,0,27,1,15,0,15
Waarp Proxy in R66 protocol/WaarpR66,org.waarp.openr66.client,DirectTransfer,312,100,49,7,99,28,29,4,2,3
Waarp Proxy in R66 protocol/WaarpR66,org.waarp.openr66.client,AbstractTransfer,751,576,68,34,173,167,49,21,6,13
Waarp Proxy in R66 protocol/WaarpR66,org.waarp.openr66.client,SpooledDirectoryTransfer,959,1078,183,93,258,185,114,38,3,11
Waarp Proxy in R66 protocol/WaarpR66,org.waarp.openr66.client,RecvThroughClient,113,63,7,7,28,18,7,2,0,2
Waarp Proxy in R66 protocol/WaarpR66,org.waarp.openr66.client,AbstractBusinessRequest,314,77,36,4,83,29,21,6,2,5
Waarp Proxy in R66 protocol/WaarpR66,org.waarp.openr66.client,RecvThroughHandler,13,3,0,0,3,1,1,1,1,1
Waarp Proxy in R66 protocol/WaarpR66,org.waarp.openr66.client,SendThroughClient,322,209,24,18,80,55,24,4,3,4
Waarp Proxy in R66 protocol/WaarpR66,org.waarp.openr66.client,MultipleDirectTransfer,348,253,47,13,104,60,31,9,3,7
Waarp Proxy in R66 protocol/WaarpR66,org.waarp.openr66.client,SpooledDirectoryTransfer.SpooledRunner,380,575,41,43,54,124,33,18,1,8
Waarp Proxy in R66 protocol/WaarpR66,org.waarp.openr66.client,BusinessRequest,208,8,20,0,56,2,11,1,1,1
Waarp Proxy in R66 protocol/WaarpR66,org.waarp.openr66.client,SubmitTransfer,248,49,36,4,71,12,21,2,1,2
Waarp Proxy in R66 protocol/WaarpR66,org.waarp.openr66.client,SpooledDirectoryTransfer.new FileMonitorCommandFactory() {...},0,20,0,0,0,4,0,2,0,2
Waarp Proxy in R66 protocol/WaarpR66,org.waarp.openr66.client,SpooledDirectoryTransfer.new FileMonitorCommandRunnableFuture() {...},5,17,1,1,1,4,1,2,0,2
Waarp Proxy in R66 protocol/WaarpR66,org.waarp.openr66.client,SpooledDirectoryTransfer.new FileMonitorCommandRunnableFuture() {...},24,137,7,13,8,28,7,5,0,2
Waarp Proxy in R66 protocol/WaarpR66,org.waarp.openr66.client,ProgressBarTransfer,176,114,22,8,50,30,14,3,0,2
Waarp Proxy in R66 protocol/WaarpR66,org.waarp.openr66.client,TransferArgs,79,1004,15,87,16,278,12,75,0,36
Waarp Proxy in R66 protocol/WaarpR66,org.waarp.openr66.client,Message,348,107,40,8,95,38,25,5,2,4
Waarp Proxy in R66 protocol/WaarpR66,org.waarp.openr66.client,RequestTransfer,1739,377,211,25,437,98,127,10,6,6
Waarp Proxy in R66 protocol/WaarpR66,org.waarp.openr66.client,RequestInformation,597,119,78,8,152,39,43,5,2,3
Waarp Proxy in R66 protocol/WaarpR66,org.waarp.openr66.client,MultipleSubmitTransfer,369,213,60,16,107,52,37,9,2,6
Waarp Proxy in R66 protocol/WaarpR66,org.waarp.openr66.client,SpooledDirectoryTransfer.Arguments,36,141,0,0,12,57,12,28,12,28
Waarp Proxy in R66 protocol/WaarpR66,org.waarp.openr66.protocol.networkhandler.packet,NetworkPacketCodec,14,121,2,10,1,39,2,7,0,3
Waarp Proxy in R66 protocol/WaarpR66,org.waarp.openr66.protocol.networkhandler.packet,NetworkPacket,1,193,2,6,0,40,2,12,0,10
Waarp Proxy in R66 protocol/WaarpR66,org.waarp.openr66.database.data,DbMultipleMonitor,348,67,26,1,85,11,33,5,18,5
Waarp Proxy in R66 protocol/WaarpR66,org.waarp.openr66.database.data,DbTaskRunner.TASKSTEP,0,64,0,0,0,2,0,1,0,1
Waarp Proxy in R66 protocol/WaarpR66,org.waarp.openr66.database.data,DbHostConfiguration.OtherFields,0,34,0,0,0,2,0,1,0,1
Waarp Proxy in R66 protocol/WaarpR66,org.waarp.openr66.database.data,DbHostConfiguration,1207,1346,162,109,294,303,115,63,10,30
Waarp Proxy in R66 protocol/WaarpR66,org.waarp.openr66.database.data,DbHostAuth,350,1177,41,80,81,254,40,66,2,39
Waarp Proxy in R66 protocol/WaarpR66,org.waarp.openr66.database.data,DbRule,529,1612,69,122,88,335,65,96,7,50
Waarp Proxy in R66 protocol/WaarpR66,org.waarp.openr66.database.data,DbTaskRunner.Columns,0,224,0,0,0,5,0,1,0,1
Waarp Proxy in R66 protocol/WaarpR66,org.waarp.openr66.database.data,DbConfiguration.Columns,0,74,0,0,0,3,0,1,0,1
Waarp Proxy in R66 protocol/WaarpR66,org.waarp.openr66.database.data,DbMultipleMonitor.Columns,0,44,0,0,0,2,0,1,0,1
Waarp Proxy in R66 protocol/WaarpR66,org.waarp.openr66.database.data,DbHostAuth.Columns,0,104,0,0,0,3,0,1,0,1
Waarp Proxy in R66 protocol/WaarpR66,org.waarp.openr66.database.data,DbConfiguration,227,361,18,20,43,78,19,21,4,14
Waarp Proxy in R66 protocol/WaarpR66,org.waarp.openr66.database.data,DbHostConfiguration.Columns,0,64,0,0,0,2,0,1,0,1
Waarp Proxy in R66 protocol/WaarpR66,org.waarp.openr66.database.data,DbRule.Columns,0,144,0,0,0,4,0,1,0,1
Waarp Proxy in R66 protocol/WaarpR66,org.waarp.openr66.database.data,AbstractDbDataDao,119,198,12,22,38,65,21,16,10,10
Waarp Proxy in R66 protocol/WaarpR66,org.waarp.openr66.database.data,DbTaskRunner,2803,5695,317,493,643,1286,282,350,28,160
Waarp Proxy in R66 protocol/WaarpR66,org.waarp.openr66.dao.xml,XMLUtils,5,43,0,0,2,14,0,3,0,3
Waarp Proxy in R66 protocol/WaarpR66,org.waarp.openr66.dao.xml,XMLTransferDAO,611,439,58,14,138,102,44,19,12,15
Waarp Proxy in R66 protocol/WaarpR66,org.waarp.openr66.dao.xml,XMLDAOFactory,76,0,0,0,15,0,7,0,7,0
Waarp Proxy in R66 protocol/WaarpR66,org.waarp.openr66.dao.xml,SimpleVariableResolver,18,0,0,0,5,0,4,0,4,0
Waarp Proxy in R66 protocol/WaarpR66,org.waarp.openr66.dao.xml,XMLHostDAO,334,93,29,7,76,30,18,12,2,10
Waarp Proxy in R66 protocol/WaarpR66,org.waarp.openr66.dao.xml,XMLLimitDAO,217,93,13,7,53,30,10,12,2,10
Waarp Proxy in R66 protocol/WaarpR66,org.waarp.openr66.dao.xml,XMLBusinessDAO,247,93,15,7,61,30,11,12,2,10
Waarp Proxy in R66 protocol/WaarpR66,org.waarp.openr66.dao.xml,XMLRuleDAO,457,60,50,2,106,19,31,10,6,9
Waarp Proxy in R66 protocol/WaarpR66,org.waarp.openr66.exception,ServerException,9,0,0,0,4,0,2,0,2,0
Waarp Proxy in R66 protocol/WaarpR66,org.waarp.openr66.configuration,AuthenticationFileBasedConfiguration,100,361,18,34,26,99,18,12,0,4
Waarp Proxy in R66 protocol/WaarpR66,org.waarp.openr66.configuration,ExtensionFilter,0,11,0,0,0,4,0,2,0,2
Waarp Proxy in R66 protocol/WaarpR66,org.waarp.openr66.configuration,FileBasedConfiguration,1961,2789,382,396,556,742,329,92,4,28
Waarp Proxy in R66 protocol/WaarpR66,org.waarp.openr66.configuration,FileBasedElements,3,1176,0,0,1,16,1,1,1,1
Waarp Proxy in R66 protocol/WaarpR66,org.waarp.openr66.configuration,RuleFileBasedConfiguration,338,1509,85,121,69,279,79,36,2,10
Waarp Proxy in R66 protocol/WaarpR66,org.waarp.openr66.context.task.exception,OpenR66RunnerErrorException,3,13,0,0,2,6,1,3,1,3
Waarp Proxy in R66 protocol/WaarpR66,org.waarp.openr66.context.task.exception,OpenR66RunnerEndTasksException,13,3,0,0,6,2,3,1,3,1
Waarp Proxy in R66 protocol/WaarpR66,org.waarp.openr66.context.task.exception,OpenR66RunnerException,0,16,0,0,0,8,0,4,0,4
Waarp Proxy in R66 protocol/WaarpR66,org.waarp.openr66.dao.database.postgres,PostgreSQLTransferDAO,12,33,2,2,4,12,2,2,0,2
Waarp Proxy in R66 protocol/WaarpR66,org.waarp.openr66.context.filesystem,R66Dir,238,113,30,6,56,24,19,7,2,6
Waarp Proxy in R66 protocol/WaarpR66,org.waarp.openr66.context.filesystem,R66File,570,354,96,42,175,112,67,28,6,20
Waarp Proxy in R66 protocol/WaarpR66,org.waarp.openr66.context.filesystem,R66Restart,14,12,0,0,5,5,1,2,1,2
Waarp Proxy in R66 protocol/WaarpR66,org.waarp.openr66.protocol.exception,OpenR66DatabaseGlobalException,12,4,0,0,6,2,3,1,3,1
Waarp Proxy in R66 protocol/WaarpR66,org.waarp.openr66.protocol.exception,OpenR66ProtocolBusinessQueryAlreadyFinishedException,16,0,0,0,8,0,4,0,4,0
Waarp Proxy in R66 protocol/WaarpR66,org.waarp.openr66.protocol.exception,OpenR66ProtocolNotYetConnectionException,12,4,0,0,6,2,3,1,3,1
Waarp Proxy in R66 protocol/WaarpR66,org.waarp.openr66.protocol.exception,OpenR66ProtocolShutdownException,12,4,0,0,6,2,3,1,3,1
Waarp Proxy in R66 protocol/WaarpR66,org.waarp.openr66.protocol.exception,OpenR66ProtocolNoSslException,16,0,0,0,8,0,4,0,4,0
Waarp Proxy in R66 protocol/WaarpR66,org.waarp.openr66.protocol.exception,OpenR66ProtocolBusinessRemoteFileNotFoundException,12,4,0,0,6,2,3,1,3,1
Waarp Proxy in R66 protocol/WaarpR66,org.waarp.openr66.protocol.exception,OpenR66ProtocolNetworkException,11,5,0,0,6,2,3,1,3,1
Waarp Proxy in R66 protocol/WaarpR66,org.waarp.openr66.protocol.exception,OpenR66ProtocolBusinessQueryStillRunningException,16,0,0,0,8,0,4,0,4,0
Waarp Proxy in R66 protocol/WaarpR66,org.waarp.openr66.protocol.exception,OpenR66ExceptionTrappedFactory,276,118,26,24,71,36,23,4,0,2
Waarp Proxy in R66 protocol/WaarpR66,org.waarp.openr66.protocol.exception,OpenR66ProtocolNoDataException,12,4,0,0,6,2,3,1,3,1
Waarp Proxy in R66 protocol/WaarpR66,org.waarp.openr66.protocol.exception,OpenR66ProtocolNoConnectionException,7,9,0,0,4,4,2,2,2,2
Waarp Proxy in R66 protocol/WaarpR66,org.waarp.openr66.protocol.exception,OpenR66ProtocolBusinessException,7,9,0,0,4,4,2,2,2,2
Waarp Proxy in R66 protocol/WaarpR66,org.waarp.openr66.protocol.exception,OpenR66ProtocolPacketException,12,4,0,0,6,2,3,1,3,1
Waarp Proxy in R66 protocol/WaarpR66,org.waarp.openr66.protocol.exception,OpenR66ProtocolBusinessStopException,16,0,0,0,8,0,4,0,4,0
Waarp Proxy in R66 protocol/WaarpR66,org.waarp.openr66.protocol.exception,OpenR66ProtocolNotAuthenticatedException,11,5,0,0,6,2,3,1,3,1
Waarp Proxy in R66 protocol/WaarpR66,org.waarp.openr66.protocol.exception,OpenR66ProtocolSystemException,12,4,0,0,6,2,3,1,3,1
Waarp Proxy in R66 protocol/WaarpR66,org.waarp.openr66.protocol.exception,OpenR66ProtocolBusinessNoWriteBackException,7,9,0,0,4,4,2,2,2,2
Waarp Proxy in R66 protocol/WaarpR66,org.waarp.openr66.protocol.exception,OpenR66Exception,0,16,0,0,0,8,0,4,0,4
Waarp Proxy in R66 protocol/WaarpR66,org.waarp.openr66.protocol.exception,OpenR66ProtocolRemoteShutdownException,12,4,0,0,6,2,3,1,3,1
Waarp Proxy in R66 protocol/WaarpR66,org.waarp.openr66.protocol.exception,OpenR66ProtocolBusinessCancelException,16,0,0,0,8,0,4,0,4,0
Waarp Proxy in R66 protocol/WaarpR66,org.waarp.openr66.protocol.localhandler,LocalTransaction,153,224,14,16,44,68,13,17,3,12
Waarp Proxy in R66 protocol/WaarpR66,org.waarp.openr66.protocol.localhandler,ConnectionActions,799,528,77,71,191,137,54,34,3,11
Waarp Proxy in R66 protocol/WaarpR66,org.waarp.openr66.protocol.localhandler,ConnectionActions.RunnerChannelFutureListener,19,0,0,0,8,0,2,0,2,0
Waarp Proxy in R66 protocol/WaarpR66,org.waarp.openr66.protocol.localhandler,LocalServerHandler,682,335,98,40,215,109,60,24,1,7
Waarp Proxy in R66 protocol/WaarpR66,org.waarp.openr66.protocol.localhandler,Monitoring,1606,1740,135,36,425,438,127,24,10,11
Waarp Proxy in R66 protocol/WaarpR66,org.waarp.openr66.protocol.localhandler,TransferActions,1837,1621,163,201,431,408,129,82,3,26
Waarp Proxy in R66 protocol/WaarpR66,org.waarp.openr66.protocol.localhandler,RetrieveRunner,296,218,33,17,89,63,27,9,5,6
Waarp Proxy in R66 protocol/WaarpR66,org.waarp.openr66.protocol.localhandler,ServerActions,2943,2903,338,219,720,743,263,80,16,38
Waarp Proxy in R66 protocol/WaarpR66,org.waarp.openr66.protocol.localhandler,LocalChannelReference,325,707,43,69,57,191,39,68,5,46
Waarp Proxy in R66 protocol/WaarpR66,org.waarp.openr66.dao.database.mariadb,MariaDBTransferDAO,12,54,2,2,4,18,2,2,0,2
Waarp Proxy in R66 protocol/WaarpR66,org.waarp.openr66.context.task,SpooledInformTask,1021,310,93,21,220,89,58,13,7,7
Waarp Proxy in R66 protocol/WaarpR66,org.waarp.openr66.context.task,ZipTask,79,98,4,3,14,21,3,4,0,3
Waarp Proxy in R66 protocol/WaarpR66,org.waarp.openr66.context.task,SnmpTask,48,23,6,1,13,8,4,3,0,3
Waarp Proxy in R66 protocol/WaarpR66,org.waarp.openr66.context.task,LastLineReader,1,40,1,3,1,13,1,5,0,4
Waarp Proxy in R66 protocol/WaarpR66,org.waarp.openr66.context.task,ExecBusinessTask,49,115,5,9,14,32,5,5,0,3
Waarp Proxy in R66 protocol/WaarpR66,org.waarp.openr66.context.task,UnzeroedFileTask,99,47,11,5,17,12,8,3,0,3
Waarp Proxy in R66 protocol/WaarpR66,org.waarp.openr66.context.task,LinkRenameTask,36,77,0,0,4,15,0,3,0,3
Waarp Proxy in R66 protocol/WaarpR66,org.waarp.openr66.context.task,TaskType,417,374,32,9,65,33,32,11,0,5
Waarp Proxy in R66 protocol/WaarpR66,org.waarp.openr66.context.task,AbstractExecTask.ExecuteCommand,104,113,2,8,29,35,2,8,0,5
Waarp Proxy in R66 protocol/WaarpR66,org.waarp.openr66.context.task,AbstractTask,69,563,5,25,29,155,5,22,0,12
Waarp Proxy in R66 protocol/WaarpR66,org.waarp.openr66.context.task,ValidFilePathTask,29,87,5,3,5,18,4,3,0,3
Waarp Proxy in R66 protocol/WaarpR66,org.waarp.openr66.context.task,AbstractExecTask.PrepareCommandExec,37,135,2,6,9,31,2,11,0,9
Waarp Proxy in R66 protocol/WaarpR66,org.waarp.openr66.context.task,FileCheckTask.FC_ARGSSIZE,0,54,0,0,0,2,0,1,0,1
Waarp Proxy in R66 protocol/WaarpR66,org.waarp.openr66.context.task,CopyRenameTask,68,78,2,2,7,15,2,3,0,3
Waarp Proxy in R66 protocol/WaarpR66,org.waarp.openr66.context.task,ExecMoveTask,167,201,21,11,32,50,16,4,0,4
Waarp Proxy in R66 protocol/WaarpR66,org.waarp.openr66.context.task,IcapTask,274,170,12,13,31,37,11,8,0,4
Waarp Proxy in R66 protocol/WaarpR66,org.waarp.openr66.context.task,ExecJavaTask,240,216,24,14,55,46,15,8,0,4
Waarp Proxy in R66 protocol/WaarpR66,org.waarp.openr66.context.task,LogTask,107,153,17,12,23,34,11,9,0,4
Waarp Proxy in R66 protocol/WaarpR66,org.waarp.openr66.context.task,TarTask,80,101,5,4,13,22,4,4,0,3
Waarp Proxy in R66 protocol/WaarpR66,org.waarp.openr66.context.task,MoveRenameTask,33,78,0,0,4,15,0,3,0,3
Waarp Proxy in R66 protocol/WaarpR66,org.waarp.openr66.context.task,CopyTask,62,66,1,1,8,14,1,3,0,3
Waarp Proxy in R66 protocol/WaarpR66,org.waarp.openr66.context.task,AbstractExecJavaTask,115,128,14,6,31,40,12,7,2,7
Waarp Proxy in R66 protocol/WaarpR66,org.waarp.openr66.context.task,ChModTask,172,191,110,22,14,46,65,4,0,3
Waarp Proxy in R66 protocol/WaarpR66,org.waarp.openr66.context.task,FtpTransferTask,387,146,35,9,74,33,20,5,0,3
Waarp Proxy in R66 protocol/WaarpR66,org.waarp.openr66.context.task,TransferTask,111,184,16,12,26,45,12,5,0,3
Waarp Proxy in R66 protocol/WaarpR66,org.waarp.openr66.context.task,AllLineReader,1,45,0,4,1,12,0,5,0,3
Waarp Proxy in R66 protocol/WaarpR66,org.waarp.openr66.context.task,AbstractExecTask,357,618,13,19,93,159,14,14,1,11
Waarp Proxy in R66 protocol/WaarpR66,org.waarp.openr66.context.task,ExecTask,113,111,23,7,24,30,16,3,1,3
Waarp Proxy in R66 protocol/WaarpR66,org.waarp.openr66.context.task,SpooledInformTask.SpooledInformation,0,14,0,0,0,5,0,1,0,1
Waarp Proxy in R66 protocol/WaarpR66,org.waarp.openr66.context.task,RescheduleTransferTask,1018,77,108,3,252,15,62,3,3,3
Waarp Proxy in R66 protocol/WaarpR66,org.waarp.openr66.context.task,FileCheckTask.FC_COMMAND,0,24,0,0,0,2,0,1,0,1
Waarp Proxy in R66 protocol/WaarpR66,org.waarp.openr66.context.task,RestartServerTask,51,52,3,1,13,11,2,3,0,3
Waarp Proxy in R66 protocol/WaarpR66,org.waarp.openr66.context.task,ExecOutputTask,205,213,20,6,37,49,12,6,0,5
Waarp Proxy in R66 protocol/WaarpR66,org.waarp.openr66.context.task,RenameTask,69,74,1,1,7,15,1,3,0,3
Waarp Proxy in R66 protocol/WaarpR66,org.waarp.openr66.context.task,TranscodeTask,293,132,34,16,45,36,23,5,0,3
Waarp Proxy in R66 protocol/WaarpR66,org.waarp.openr66.context.task,FileCheckTask,180,165,21,17,30,41,18,6,0,3
Waarp Proxy in R66 protocol/WaarpR66,org.waarp.openr66.context.task,MoveTask,33,88,0,0,4,18,0,3,0,3
Waarp Proxy in R66 protocol/WaarpR66,org.waarp.openr66.context.task,DeleteTask,50,28,1,1,12,9,1,3,0,3
Waarp Proxy in R66 protocol/WaarpR66,org.waarp.openr66.context.task,FtpArgs,89,604,7,33,14,169,9,47,2,34
Waarp Proxy in R66 protocol/WaarpR66,org.waarp.openr66.database.properties,R66DbProperties,79,0,10,0,22,0,8,0,3,0
Waarp Proxy in R66 protocol/WaarpR66,org.waarp.openr66.database.properties,R66PostgreSQLProperties,3,0,0,0,1,0,1,0,1,0
Waarp Proxy in R66 protocol/WaarpR66,org.waarp.openr66.database.properties,R66MySQLProperties,3,0,0,0,1,0,1,0,1,0
Waarp Proxy in R66 protocol/WaarpR66,org.waarp.openr66.database.properties,R66MariaDBProperties,3,0,0,0,1,0,1,0,1,0
Waarp Proxy in R66 protocol/WaarpR66,org.waarp.openr66.database.properties,R66H2Properties,3,0,0,0,1,0,1,0,1,0
Waarp Proxy in R66 protocol/WaarpR66,org.waarp.openr66.database.properties,R66OracleProperties,3,0,0,0,1,0,1,0,1,0
Waarp Proxy in R66 protocol/WaarpR66,org.waarp.openr66.protocol.networkhandler.ssl,NetworkSslServerHandler,32,48,4,2,9,17,3,4,0,4
Waarp Proxy in R66 protocol/WaarpR66,org.waarp.openr66.protocol.networkhandler.ssl,NetworkSslServerHandler.new GenericFutureListener() {...},8,20,3,1,3,4,2,2,0,2
Waarp Proxy in R66 protocol/WaarpR66,org.waarp.openr66.protocol.networkhandler.ssl,NetworkSslServerInitializer,5,110,1,5,1,34,1,9,0,7
Waarp Proxy in R66 protocol/WaarpR66,org.waarp.openr66.context.task.test,TestBusinessFactory.new R66BusinessInterface() {...},140,0,0,0,25,0,12,0,12,0
Waarp Proxy in R66 protocol/WaarpR66,org.waarp.openr66.context.task.test,TestBusinessFactory,9,0,0,0,4,0,3,0,3,0
Waarp Proxy in R66 protocol/WaarpR66,org.waarp.openr66.context.task.test,TestExecJavaTask,29,103,4,8,7,27,4,5,0,3
Waarp Proxy in R66 protocol/WaarpR66,org.waarp.openr66.protocol.localhandler.packet.json,InformationJsonPacket,0,83,0,0,0,36,0,16,0,16
Waarp Proxy in R66 protocol/WaarpR66,org.waarp.openr66.protocol.localhandler.packet.json,ShutdownRequestJsonPacket,17,0,0,0,7,0,4,0,4,0
Waarp Proxy in R66 protocol/WaarpR66,org.waarp.openr66.protocol.localhandler.packet.json,StopOrCancelJsonPacket,8,31,0,0,4,13,2,8,2,8
Waarp Proxy in R66 protocol/WaarpR66,org.waarp.openr66.protocol.localhandler.packet.json,JsonPacket,21,49,2,2,6,15,3,9,1,9
Waarp Proxy in R66 protocol/WaarpR66,org.waarp.openr66.protocol.localhandler.packet.json,BusinessRequestJsonPacket,0,49,0,0,0,21,0,14,0,14
Waarp Proxy in R66 protocol/WaarpR66,org.waarp.openr66.protocol.localhandler.packet.json,LogResponseJsonPacket,4,31,0,0,2,13,1,9,1,9
Waarp Proxy in R66 protocol/WaarpR66,org.waarp.openr66.protocol.localhandler.packet.json,BandwidthJsonPacket,30,54,2,0,9,22,2,12,1,12
Waarp Proxy in R66 protocol/WaarpR66,org.waarp.openr66.protocol.localhandler.packet.json,ConfigExportJsonPacket,0,72,1,1,0,27,1,13,0,13
Waarp Proxy in R66 protocol/WaarpR66,org.waarp.openr66.protocol.localhandler.packet.json,RequestJsonPacket,4,27,0,0,2,11,1,7,1,7
Waarp Proxy in R66 protocol/WaarpR66,org.waarp.openr66.protocol.localhandler.packet.json,ConfigImportJsonPacket,0,197,1,1,0,72,1,33,0,33
Waarp Proxy in R66 protocol/WaarpR66,org.waarp.openr66.protocol.localhandler.packet.json,RestartTransferJsonPacket,4,34,0,0,2,14,1,9,1,9
Waarp Proxy in R66 protocol/WaarpR66,org.waarp.openr66.protocol.localhandler.packet.json,ConfigExportResponseJsonPacket,0,49,0,0,0,21,0,14,0,14
Waarp Proxy in R66 protocol/WaarpR66,org.waarp.openr66.protocol.localhandler.packet.json,ConfigImportResponseJsonPacket,0,84,0,0,0,36,0,24,0,24
Waarp Proxy in R66 protocol/WaarpR66,org.waarp.openr66.protocol.localhandler.packet.json,LogJsonPacket,0,149,1,1,0,55,1,27,0,27
Waarp Proxy in R66 protocol/WaarpR66,org.waarp.openr66.protocol.localhandler.packet.json,ShutdownOrBlockJsonPacket,0,24,0,0,0,10,0,7,0,7
Waarp Proxy in R66 protocol/WaarpR66,org.waarp.openr66.protocol.localhandler.packet.json,TransferRequestJsonPacket,58,85,1,3,25,32,12,23,11,22
Waarp Proxy in R66 protocol/WaarpR66,org.waarp.openr66.database.model,DbModelFactoryR66,589,673,46,38,139,129,33,19,2,6
Waarp Proxy in R66 protocol/WaarpR66,org.waarp.openr66.database.model,DbModelMysqlR66,5,15,0,0,2,6,1,3,1,3
Waarp Proxy in R66 protocol/WaarpR66,org.waarp.openr66.database.model,DbModelOracleR66,1034,0,28,0,236,0,18,0,4,0
Waarp Proxy in R66 protocol/WaarpR66,org.waarp.openr66.database.model,DbModelH2R66,481,95,11,3,111,25,7,4,1,3
Waarp Proxy in R66 protocol/WaarpR66,org.waarp.openr66.database.model,DbModelPostgresqlR66,443,92,16,4,103,28,11,4,2,3
Waarp Proxy in R66 protocol/WaarpR66,org.waarp.openr66.database.model,DbModelMariadbR66,5,15,0,0,2,6,1,3,1,3
Waarp Proxy in R66 protocol/WaarpR66,org.waarp.openr66.protocol.http.rest.handler,HttpRestInformationR66Handler,138,169,13,5,42,43,8,5,0,4
Waarp Proxy in R66 protocol/WaarpR66,org.waarp.openr66.protocol.http.rest.handler,DbHostConfigurationR66RestMethodHandler,50,471,16,28,14,92,16,15,0,9
Waarp Proxy in R66 protocol/WaarpR66,org.waarp.openr66.protocol.http.rest.handler,DbConfigurationR66RestMethodHandler.FILTER_ARGS,0,34,0,0,0,5,0,2,0,2
Waarp Proxy in R66 protocol/WaarpR66,org.waarp.openr66.protocol.http.rest.handler,DbTaskRunnerR66RestMethodHandler,81,626,23,31,20,124,21,14,1,7
Waarp Proxy in R66 protocol/WaarpR66,org.waarp.openr66.protocol.http.rest.handler,HttpRestAbstractR66Handler,95,105,3,5,27,35,5,9,3,7
Waarp Proxy in R66 protocol/WaarpR66,org.waarp.openr66.protocol.http.rest.handler,DbHostAuthR66RestMethodHandler,47,429,10,20,12,77,10,13,0,8
Waarp Proxy in R66 protocol/WaarpR66,org.waarp.openr66.protocol.http.rest.handler,DbRuleR66RestMethodHandler,47,402,8,18,12,71,8,13,0,8
Waarp Proxy in R66 protocol/WaarpR66,org.waarp.openr66.protocol.http.rest.handler,HttpRestLogR66Handler,154,137,9,3,39,40,6,4,0,4
Waarp Proxy in R66 protocol/WaarpR66,org.waarp.openr66.protocol.http.rest.handler,DbHostAuthR66RestMethodHandler.FILTER_ARGS,0,56,0,0,0,6,0,2,0,2
Waarp Proxy in R66 protocol/WaarpR66,org.waarp.openr66.protocol.http.rest.handler,HttpRestBandwidthR66Handler,82,190,20,8,23,53,14,4,0,4
Waarp Proxy in R66 protocol/WaarpR66,org.waarp.openr66.protocol.http.rest.handler,HttpRestConfigR66Handler,189,208,32,4,50,64,18,4,0,4
Waarp Proxy in R66 protocol/WaarpR66,org.waarp.openr66.protocol.http.rest.handler,HttpRestBusinessR66Handler,192,86,21,1,51,24,13,3,2,3
Waarp Proxy in R66 protocol/WaarpR66,org.waarp.openr66.protocol.http.rest.handler,DbTaskRunnerR66RestMethodHandler.FILTER_ARGS,0,155,0,0,0,10,0,2,0,2
Waarp Proxy in R66 protocol/WaarpR66,org.waarp.openr66.protocol.http.rest.handler,HttpRestAbstractR66Handler.ACTIONS_TYPE,0,144,0,0,0,5,0,1,0,1
Waarp Proxy in R66 protocol/WaarpR66,org.waarp.openr66.protocol.http.rest.handler,DbHostConfigurationR66RestMethodHandler.FILTER_ARGS,0,67,0,0,0,7,0,2,0,2
Waarp Proxy in R66 protocol/WaarpR66,org.waarp.openr66.protocol.http.rest.handler,HttpRestControlR66Handler,278,283,37,7,76,79,21,5,0,4
Waarp Proxy in R66 protocol/WaarpR66,org.waarp.openr66.protocol.http.rest.handler,DbConfigurationR66RestMethodHandler,66,404,9,19,16,77,10,13,1,8
Waarp Proxy in R66 protocol/WaarpR66,org.waarp.openr66.protocol.http.rest.handler,HttpRestServerR66Handler,88,214,9,9,21,59,7,6,0,4
Waarp Proxy in R66 protocol/WaarpR66,org.waarp.openr66.protocol.http.rest.handler,DbRuleR66RestMethodHandler.FILTER_ARGS,0,34,0,0,0,5,0,2,0,2
Waarp Proxy in R66 protocol/WaarpR66,org.waarp.openr66.thrift,R66EmbeddedServiceImpl,606,401,62,29,148,101,48,11,4,8
Waarp Proxy in R66 protocol/WaarpR66,org.waarp.openr66.thrift,R66ThriftServerService,31,125,3,3,14,31,3,5,0,5
Waarp Proxy in R66 protocol/WaarpR66,org.waarp.openr66.protocol.snmp,R66VariableFactory,32,43,5,6,9,15,5,7,0,2
Waarp Proxy in R66 protocol/WaarpR66,org.waarp.openr66.protocol.snmp,R66TimeTicks,19,22,0,0,7,8,2,2,2,2
Waarp Proxy in R66 protocol/WaarpR66,org.waarp.openr66.protocol.snmp,R66Gauge32,19,22,0,0,7,8,2,2,2,2
Waarp Proxy in R66 protocol/WaarpR66,org.waarp.openr66.protocol.snmp,R66Counter32,19,22,0,0,7,8,2,2,2,2
Waarp Proxy in R66 protocol/WaarpR66,org.waarp.openr66.protocol.snmp,R66PrivateMib,63,752,9,13,14,136,10,14,1,12
Waarp Proxy in R66 protocol/WaarpR66,org.waarp.openr66.protocol.http.restv2.converters,RuleConverter.Order.new Comparator() {...},7,3,0,0,1,1,1,1,1,1
Waarp Proxy in R66 protocol/WaarpR66,org.waarp.openr66.protocol.http.restv2.converters,RuleConverter.Order.new Comparator() {...},0,9,0,0,0,2,0,2,0,2
Waarp Proxy in R66 protocol/WaarpR66,org.waarp.openr66.protocol.http.restv2.converters,RuleConverter.ModeTrans,12,122,1,3,1,15,1,4,0,3
Waarp Proxy in R66 protocol/WaarpR66,org.waarp.openr66.protocol.http.restv2.converters,HostConverter,343,61,62,0,70,11,36,1,5,1
Waarp Proxy in R66 protocol/WaarpR66,org.waarp.openr66.protocol.http.restv2.converters,LimitsConverter,229,0,34,0,42,0,21,0,4,0
Waarp Proxy in R66 protocol/WaarpR66,org.waarp.openr66.protocol.http.restv2.converters,ServerStatusMaker,18,420,1,1,3,74,2,1,1,1
Waarp Proxy in R66 protocol/WaarpR66,org.waarp.openr66.protocol.http.restv2.converters,RuleConverter.Order,0,38,0,0,0,6,0,2,0,2
Waarp Proxy in R66 protocol/WaarpR66,org.waarp.openr66.protocol.http.restv2.converters,TransferConverter,502,141,72,0,115,22,43,1,7,1
Waarp Proxy in R66 protocol/WaarpR66,org.waarp.openr66.protocol.http.restv2.converters,HostConverter.Order,0,64,0,0,0,8,0,2,0,2
Waarp Proxy in R66 protocol/WaarpR66,org.waarp.openr66.protocol.http.restv2.converters,HostConverter.Order.new Comparator() {...},7,3,0,0,1,1,1,1,1,1
Waarp Proxy in R66 protocol/WaarpR66,org.waarp.openr66.protocol.http.restv2.converters,HostConverter.Order.new Comparator() {...},0,9,0,0,0,2,0,2,0,2
Waarp Proxy in R66 protocol/WaarpR66,org.waarp.openr66.protocol.http.restv2.converters,HostConverter.Order.new Comparator() {...},7,3,0,0,1,1,1,1,1,1
Waarp Proxy in R66 protocol/WaarpR66,org.waarp.openr66.protocol.http.restv2.converters,HostConverter.Order.new Comparator() {...},6,3,0,0,1,1,1,1,1,1
Waarp Proxy in R66 protocol/WaarpR66,org.waarp.openr66.protocol.http.restv2.converters,HostConfigConverter,449,361,62,32,117,92,41,16,4,6
Waarp Proxy in R66 protocol/WaarpR66,org.waarp.openr66.protocol.http.restv2.converters,TransferConverter.Order,0,111,0,0,0,13,0,2,0,2
Waarp Proxy in R66 protocol/WaarpR66,org.waarp.openr66.protocol.http.restv2.converters,RuleConverter,612,162,94,4,130,29,52,5,5,3
Waarp Proxy in R66 protocol/WaarpR66,org.waarp.openr66.context.task.localexec,LocalExecClient,160,0,18,0,52,0,17,0,8,0
Waarp Proxy in R66 protocol/WaarpR66,org.waarp.openr66.database,DbConstantR66,3,0,0,0,1,0,1,0,1,0
Waarp Proxy in R66 protocol/WaarpR66,org.waarp.openr66.protocol.http.restv2.dbhandlers,HostIdHandler,128,34,6,0,49,10,7,2,4,2
Waarp Proxy in R66 protocol/WaarpR66,org.waarp.openr66.protocol.http.restv2.dbhandlers,RuleIdHandler,169,34,8,0,62,10,8,2,4,2
Waarp Proxy in R66 protocol/WaarpR66,org.waarp.openr66.protocol.http.restv2.dbhandlers,SpooledHandler,90,26,6,0,27,8,5,2,2,2
Waarp Proxy in R66 protocol/WaarpR66,org.waarp.openr66.protocol.http.restv2.dbhandlers,HostsHandler,169,144,11,11,41,45,12,4,2,3
Waarp Proxy in R66 protocol/WaarpR66,org.waarp.openr66.protocol.http.restv2.dbhandlers,HostConfigHandler,146,74,7,1,55,25,8,3,4,3
Waarp Proxy in R66 protocol/WaarpR66,org.waarp.openr66.protocol.http.restv2.dbhandlers,TransferIdHandler,421,23,21,1,134,8,16,2,5,2
Waarp Proxy in R66 protocol/WaarpR66,org.waarp.openr66.protocol.http.restv2.dbhandlers,TransfersHandler,191,141,7,11,48,43,9,5,2,3
Waarp Proxy in R66 protocol/WaarpR66,org.waarp.openr66.protocol.http.restv2.dbhandlers,LimitsHandler,191,53,7,1,68,17,8,3,4,3
Waarp Proxy in R66 protocol/WaarpR66,org.waarp.openr66.protocol.http.restv2.dbhandlers,AbstractRestDbHandler,31,18,7,1,7,6,4,2,0,2
Waarp Proxy in R66 protocol/WaarpR66,org.waarp.openr66.protocol.http.restv2.dbhandlers,ServerHandler,1141,147,90,4,320,30,57,4,10,4
Waarp Proxy in R66 protocol/WaarpR66,org.waarp.openr66.protocol.http.restv2.dbhandlers,RulesHandler,142,136,8,8,35,40,9,4,2,3
Waarp Proxy in R66 protocol/WaarpR66,org.waarp.openr66.service,R66Engine,87,0,4,0,31,0,8,0,6,0
Waarp Proxy in R66 protocol/WaarpR66,org.waarp.openr66.service,R66ServiceLauncher,19,0,0,0,11,0,6,0,6,0
Waarp Proxy in R66 protocol/WaarpR66,org.waarp.openr66.pojo,Transfer.TASKSTEP,0,118,0,2,0,13,0,6,0,5
Waarp Proxy in R66 protocol/WaarpR66,org.waarp.openr66.pojo,MultipleMonitor,19,27,0,0,10,10,5,5,5,5
Waarp Proxy in R66 protocol/WaarpR66,org.waarp.openr66.pojo,Host,11,159,0,0,3,53,2,25,2,25
Waarp Proxy in R66 protocol/WaarpR66,org.waarp.openr66.pojo,Limit,0,100,0,0,0,37,0,18,0,18
Waarp Proxy in R66 protocol/WaarpR66,org.waarp.openr66.pojo,Transfer,22,492,0,0,6,131,4,50,4,50
Waarp Proxy in R66 protocol/WaarpR66,org.waarp.openr66.pojo,Business,0,80,0,0,0,31,0,15,0,15
Waarp Proxy in R66 protocol/WaarpR66,org.waarp.openr66.pojo,RuleTask,15,74,0,0,8,13,4,5,4,5
Waarp Proxy in R66 protocol/WaarpR66,org.waarp.openr66.pojo,Rule,41,367,0,8,7,95,7,47,7,43
Waarp Proxy in R66 protocol/WaarpR66,org.waarp.openr66.pojo,UpdatedInfo,0,149,0,6,0,22,0,10,0,7
Waarp Proxy in R66 protocol/WaarpR66,org.waarp.openr66.commander,ClientRunner,554,722,39,57,140,182,34,32,5,13
Waarp Proxy in R66 protocol/WaarpR66,org.waarp.openr66.commander,Commander,345,242,47,21,151,85,32,13,0,11
Waarp Proxy in R66 protocol/WaarpR66,org.waarp.openr66.commander,ThreadPoolRunnerExecutor.RunnerRejectedExecutionHandler,19,0,2,0,6,0,2,0,1,0
Waarp Proxy in R66 protocol/WaarpR66,org.waarp.openr66.commander,InternalRunner.new RejectedExecutionHandler() {...},4,6,0,0,2,1,1,1,1,1
Waarp Proxy in R66 protocol/WaarpR66,org.waarp.openr66.commander,ThreadPoolRunnerExecutor,41,17,0,0,9,5,3,2,3,2
Waarp Proxy in R66 protocol/WaarpR66,org.waarp.openr66.commander,CommanderNoDb,259,11,28,0,81,4,19,1,5,1
Waarp Proxy in R66 protocol/WaarpR66,org.waarp.openr66.commander,InternalRunner,22,207,16,8,5,55,12,9,0,9
Waarp Proxy in R66 protocol/WaarpR66,org.waarp.openr66.protocol.configuration,Configuration.UsageStatistic,4,0,0,0,2,0,1,0,1,0
Waarp Proxy in R66 protocol/WaarpR66,org.waarp.openr66.protocol.configuration,Messages,27,57,3,3,8,19,3,6,0,6
Waarp Proxy in R66 protocol/WaarpR66,org.waarp.openr66.protocol.configuration,PartnerConfiguration.FIELDS,0,98,0,0,0,8,0,2,0,2
Waarp Proxy in R66 protocol/WaarpR66,org.waarp.openr66.protocol.configuration,Configuration.new RejectedExecutionHandler() {...},35,6,2,0,14,1,2,1,1,1
Waarp Proxy in R66 protocol/WaarpR66,org.waarp.openr66.protocol.configuration,PartnerConfiguration,94,530,26,36,26,102,29,23,4,17
Waarp Proxy in R66 protocol/WaarpR66,org.waarp.openr66.protocol.configuration,Configuration,358,2318,60,146,98,645,65,249,10,201
Waarp Proxy in R66 protocol/WaarpR66,org.waarp.openr66.protocol.configuration,Configuration.CleanLruCache,13,0,0,0,3,0,1,0,1,0
Waarp Proxy in R66 protocol/WaarpR66,org.waarp.openr66.client.utils,OutputFormat.FIELDS,0,174,0,0,0,4,0,1,0,1
Waarp Proxy in R66 protocol/WaarpR66,org.waarp.openr66.client.utils,OutputFormat.new TypeReference() {...},0,6,0,0,0,1,0,1,0,1
Waarp Proxy in R66 protocol/WaarpR66,org.waarp.openr66.client.utils,OutputFormat.new TypeReference() {...},0,6,0,0,0,1,0,1,0,1
Waarp Proxy in R66 protocol/WaarpR66,org.waarp.openr66.client.utils,OutputFormat.new TypeReference() {...},0,6,0,0,0,1,0,1,0,1
Waarp Proxy in R66 protocol/WaarpR66,org.waarp.openr66.client.utils,OutputFormat.OUTPUTFORMAT,0,54,0,0,0,2,0,1,0,1
Waarp Proxy in R66 protocol/WaarpR66,org.waarp.openr66.client.utils,OutputFormat,232,443,19,25,36,96,15,38,3,27
Waarp Proxy in R66 protocol/WaarpR66,org.waarp.openr66.protocol.http.adminssl,HttpReponsiveSslInitializer,0,60,1,1,0,14,1,2,0,2
Waarp Proxy in R66 protocol/WaarpR66,org.waarp.openr66.protocol.http.adminssl,HttpSslHandler.REQUEST,0,299,0,0,0,38,0,9,0,9
Waarp Proxy in R66 protocol/WaarpR66,org.waarp.openr66.protocol.http.adminssl,HttpResponsiveSslHandler.RestartOrStopAll,128,229,16,18,32,47,14,7,0,4
Waarp Proxy in R66 protocol/WaarpR66,org.waarp.openr66.protocol.http.adminssl,HttpSslHandler.REPLACEMENT,0,284,0,0,0,9,0,1,0,1
Waarp Proxy in R66 protocol/WaarpR66,org.waarp.openr66.protocol.http.adminssl,HttpResponsiveSslHandler.REQUEST,8,190,0,0,3,12,1,3,1,3
Waarp Proxy in R66 protocol/WaarpR66,org.waarp.openr66.protocol.http.adminssl,HttpSslHandler,3188,4001,361,364,665,973,285,130,4,39
Waarp Proxy in R66 protocol/WaarpR66,org.waarp.openr66.protocol.http.adminssl,HttpResponsiveSslHandler,2986,2649,312,235,642,595,220,84,1,25
Waarp Proxy in R66 protocol/WaarpR66,org.waarp.openr66.protocol.http.adminssl,HttpSslInitializer,0,60,1,1,0,14,1,2,0,2
Waarp Proxy in R66 protocol/WaarpR66,org.waarp.openr66.protocol.http.restv2.utils,XmlUtils,221,32,2,0,62,7,8,1,7,1
Waarp Proxy in R66 protocol/WaarpR66,org.waarp.openr66.protocol.http.restv2.utils,XmlSerializable.Rules,19,0,0,0,6,0,2,0,2,0
Waarp Proxy in R66 protocol/WaarpR66,org.waarp.openr66.protocol.http.restv2.utils,XmlSerializable.Aliases,11,8,0,0,3,3,1,1,1,1
Waarp Proxy in R66 protocol/WaarpR66,org.waarp.openr66.protocol.http.restv2.utils,XmlSerializable.Transfers,19,0,0,0,6,0,2,0,2,0
Waarp Proxy in R66 protocol/WaarpR66,org.waarp.openr66.protocol.http.restv2.utils,XmlSerializable.Businesses,0,8,0,0,0,2,0,1,0,1
Waarp Proxy in R66 protocol/WaarpR66,org.waarp.openr66.protocol.http.restv2.utils,XmlSerializable.Hosts,19,0,0,0,6,0,2,0,2,0
Waarp Proxy in R66 protocol/WaarpR66,org.waarp.openr66.protocol.http.restv2.utils,RestUtils,69,0,8,0,19,0,7,0,3,0
Waarp Proxy in R66 protocol/WaarpR66,org.waarp.openr66.protocol.http.restv2.utils,XmlSerializable.Aliases.AliasEntry,0,8,0,0,0,2,0,1,0,1
Waarp Proxy in R66 protocol/WaarpR66,org.waarp.openr66.protocol.http.restv2.utils,XmlSerializable.Roles.RoleEntry,0,8,0,0,0,2,0,1,0,1
Waarp Proxy in R66 protocol/WaarpR66,org.waarp.openr66.protocol.http.restv2.utils,XmlSerializable.Rules.Tasks,9,0,0,0,5,0,2,0,2,0
Waarp Proxy in R66 protocol/WaarpR66,org.waarp.openr66.protocol.http.restv2.utils,JsonUtils,137,8,10,0,38,2,7,1,2,1
Waarp Proxy in R66 protocol/WaarpR66,org.waarp.openr66.protocol.http.restv2.utils,XmlSerializable.Roles,0,19,0,0,0,6,0,2,0,2
Waarp Proxy in R66 protocol/WaarpR66,org.waarp.openr66.protocol.http.restv2.resthandlers,RestSignatureHandler,120,0,8,0,28,0,6,0,2,0
Waarp Proxy in R66 protocol/WaarpR66,org.waarp.openr66.protocol.http.restv2.resthandlers,RestVersionHandler,0,61,0,6,0,15,0,6,0,3
Waarp Proxy in R66 protocol/WaarpR66,org.waarp.openr66.protocol.http.restv2.resthandlers,RestHandlerHook,322,336,33,33,77,87,25,19,0,11
Waarp Proxy in R66 protocol/WaarpR66,org.waarp.openr66.protocol.http.restv2.resthandlers,RestExceptionHandler,52,7,4,0,18,3,3,2,1,2
Waarp Proxy in R66 protocol/WaarpR66,org.waarp.openr66.dao.database.h2,H2TransferDAO,12,33,2,2,4,12,2,2,0,2
Waarp Proxy in R66 protocol/WaarpR66,org.waarp.openr66.context.task.javatask,AddUuidJavaTask,52,118,6,6,11,30,5,4,0,3
Waarp Proxy in R66 protocol/WaarpR66,org.waarp.openr66.context.task.javatask,AddDigestJavaTask,82,159,6,8,19,38,5,5,0,3
Waarp Proxy in R66 protocol/WaarpR66,org.waarp.openr66.server,ServerInitDatabase,269,318,71,37,105,102,51,11,1,7
Waarp Proxy in R66 protocol/WaarpR66,org.waarp.openr66.server,ConfigExport,551,0,74,0,147,0,43,0,6,0
Waarp Proxy in R66 protocol/WaarpR66,org.waarp.openr66.server,LogExtendedExport,879,0,124,0,236,0,69,0,7,0
Waarp Proxy in R66 protocol/WaarpR66,org.waarp.openr66.server,LogExport,419,0,68,0,114,0,39,0,5,0
Waarp Proxy in R66 protocol/WaarpR66,org.waarp.openr66.server,R66Server,56,62,4,4,19,19,4,2,0,2
Waarp Proxy in R66 protocol/WaarpR66,org.waarp.openr66.server,ServerExportConfiguration,148,0,22,0,52,0,13,0,2,0
Waarp Proxy in R66 protocol/WaarpR66,org.waarp.openr66.server,ConfigImport,798,0,96,0,223,0,56,0,8,0
Waarp Proxy in R66 protocol/WaarpR66,org.waarp.openr66.server,LogImport,108,0,16,0,40,0,10,0,2,0
Waarp Proxy in R66 protocol/WaarpR66,org.waarp.openr66.server,ChangeBandwidthLimits,509,0,70,0,123,0,41,0,6,0
Waarp Proxy in R66 protocol/WaarpR66,org.waarp.openr66.server,ServerShutdown,366,0,72,0,118,0,38,0,2,0
Waarp Proxy in R66 protocol/WaarpR66,org.waarp.openr66.dao.database.oracle,OracleTransferDAO,12,33,2,2,4,12,2,2,0,2
Waarp Proxy in R66 protocol/WaarpSnmp,org.waarp.snmp.interf,WaarpInterfaceMib.TrapLevel,0,72,0,2,0,8,0,3,0,2
Waarp Proxy in R66 protocol/WaarpSnmp,org.waarp.snmp.interf,WaarpGauge32,13,10,0,0,6,5,3,2,3,2
Waarp Proxy in R66 protocol/WaarpSnmp,org.waarp.snmp.interf,WaarpInterfaceMib,0,6,0,0,0,1,0,1,0,1
Waarp Proxy in R66 protocol/WaarpSnmp,org.waarp.snmp.interf,WaarpTimeTicks,18,5,0,0,8,3,4,1,4,1
Waarp Proxy in R66 protocol/WaarpSnmp,org.waarp.snmp.interf,WaarpCounter32,13,10,0,0,6,5,3,2,3,2
Waarp Proxy in R66 protocol/WaarpSnmp,org.waarp.snmp.utils,WaarpEntry,0,9,0,0,0,4,0,1,0,1
Waarp Proxy in R66 protocol/WaarpSnmp,org.waarp.snmp.utils,WaarpDefaultVariableFactory,66,3,11,0,23,1,11,1,1,1
Waarp Proxy in R66 protocol/WaarpSnmp,org.waarp.snmp.utils,MemoryGauge32.MemoryType,0,34,0,0,0,2,0,1,0,1
Waarp Proxy in R66 protocol/WaarpSnmp,org.waarp.snmp.utils,WaarpUptime,17,15,0,0,6,6,3,2,3,2
Waarp Proxy in R66 protocol/WaarpSnmp,org.waarp.snmp.utils,WaarpMORow,25,122,3,5,5,28,3,7,1,5
Waarp Proxy in R66 protocol/WaarpSnmp,org.waarp.snmp.utils,WaarpMOScalar,9,21,0,0,2,7,1,2,1,2
Waarp Proxy in R66 protocol/WaarpSnmp,org.waarp.snmp.utils,MemoryGauge32,3,55,1,5,2,17,2,5,1,2
Waarp Proxy in R66 protocol/WaarpSnmp,org.waarp.snmp.r66,WaarpPrivateMib.NotificationTasks,0,149,0,0,0,5,0,2,0,2
Waarp Proxy in R66 protocol/WaarpSnmp,org.waarp.snmp.r66,WaarpPrivateMib.WaarpGlobalValuesIndex,0,269,0,0,0,11,0,2,0,2
Waarp Proxy in R66 protocol/WaarpSnmp,org.waarp.snmp.r66,WaarpPrivateMib.WaarpDefinitionIndex,5,64,0,0,1,3,1,1,1,1
Waarp Proxy in R66 protocol/WaarpSnmp,org.waarp.snmp.r66,WaarpPrivateMib.OperStatus,0,78,0,0,0,5,0,2,0,2
Waarp Proxy in R66 protocol/WaarpSnmp,org.waarp.snmp.r66,WaarpPrivateMib.MibLevel,0,54,0,0,0,2,0,1,0,1
Waarp Proxy in R66 protocol/WaarpSnmp,org.waarp.snmp.r66,WaarpPrivateMib,90,1024,2,2,12,87,4,9,2,9
Waarp Proxy in R66 protocol/WaarpSnmp,org.waarp.snmp.r66,WaarpPrivateMib.WaarpErrorValuesIndex,5,244,0,0,1,10,1,1,1,1
Waarp Proxy in R66 protocol/WaarpSnmp,org.waarp.snmp.r66,WaarpPrivateMib.WaarpDetailedValuesIndex,5,134,0,0,1,5,1,1,1,1
Waarp Proxy in R66 protocol/WaarpSnmp,org.waarp.snmp.r66,WaarpPrivateMib.NotificationElements,0,101,0,0,0,9,0,4,0,4
Waarp Proxy in R66 protocol/WaarpSnmp,org.waarp.snmp,SnmpConfiguration.SecurityProtocolList,0,34,0,0,0,5,0,2,0,2
Waarp Proxy in R66 protocol/WaarpSnmp,org.waarp.snmp,SnmpConfiguration.PrivacyProtocolList,0,67,0,0,0,6,0,2,0,2
Waarp Proxy in R66 protocol/WaarpSnmp,org.waarp.snmp,WaarpMOFactory,172,55,26,6,46,18,24,8,1,6
Waarp Proxy in R66 protocol/WaarpSnmp,org.waarp.snmp,SnmpConfiguration.TargetElement,45,27,0,0,1,10,1,1,1,1
Waarp Proxy in R66 protocol/WaarpSnmp,org.waarp.snmp,SnmpConfiguration.TransportDomain,0,100,0,0,0,12,0,2,0,2
Waarp Proxy in R66 protocol/WaarpSnmp,org.waarp.snmp,SnmpConfiguration,175,652,46,59,44,130,46,12,0,5
Waarp Proxy in R66 protocol/WaarpSnmp,org.waarp.snmp,WaarpSnmpAgent,50,934,15,27,19,161,16,27,1,21
Waarp Proxy in R66 protocol/WaarpGatewayKernel,org.waarp.gateway.kernel.rest,HttpRestHandler,504,675,76,76,130,185,63,39,5,21
Waarp Proxy in R66 protocol/WaarpGatewayKernel,org.waarp.gateway.kernel.rest,RestArgument,642,1083,109,91,141,255,90,68,12,46
Waarp Proxy in R66 protocol/WaarpGatewayKernel,org.waarp.gateway.kernel.rest,DataModelRestMethodHandler.COMMAND_TYPE,0,64,0,0,0,2,0,1,0,1
Waarp Proxy in R66 protocol/WaarpGatewayKernel,org.waarp.gateway.kernel.rest,RestArgument.REST_FIELD,0,78,0,0,0,7,0,2,0,2
Waarp Proxy in R66 protocol/WaarpGatewayKernel,org.waarp.gateway.kernel.rest,RootOptionsRestMethodHandler,43,159,3,19,12,31,9,10,6,2
Waarp Proxy in R66 protocol/WaarpGatewayKernel,org.waarp.gateway.kernel.rest,HttpRestHandler.METHOD,0,111,0,0,0,13,0,2,0,2
Waarp Proxy in R66 protocol/WaarpGatewayKernel,org.waarp.gateway.kernel.rest,RestArgument.REST_GROUP,0,67,0,0,0,9,0,2,0,2
Waarp Proxy in R66 protocol/WaarpGatewayKernel,org.waarp.gateway.kernel.rest,RestMethodHandler,32,230,7,17,13,62,8,15,1,10
Waarp Proxy in R66 protocol/WaarpGatewayKernel,org.waarp.gateway.kernel.rest,RestArgument.REST_ROOT_FIELD,0,166,0,0,0,16,0,2,0,2
Waarp Proxy in R66 protocol/WaarpGatewayKernel,org.waarp.gateway.kernel.rest,RestArgument.DATAMODEL,0,56,0,0,0,6,0,2,0,2
Waarp Proxy in R66 protocol/WaarpGatewayKernel,org.waarp.gateway.kernel.rest,RestConfiguration.CRUD,1,76,1,1,0,6,1,3,0,3
Waarp Proxy in R66 protocol/WaarpGatewayKernel,org.waarp.gateway.kernel.rest,DataModelRestMethodHandler,131,380,10,30,31,109,11,25,1,12
Waarp Proxy in R66 protocol/WaarpGatewayKernel,org.waarp.gateway.kernel.rest,RestConfiguration,32,165,1,3,6,43,2,20,1,19
Waarp Proxy in R66 protocol/WaarpGatewayKernel,org.waarp.gateway.kernel.rest,HttpRestHandler.HttpCleanChannelFutureListener,10,0,0,0,5,0,2,0,2,0
Waarp Proxy in R66 protocol/WaarpGatewayKernel,org.waarp.gateway.kernel.rest.client,HttpRestClientSimpleInitializer,35,0,0,0,7,0,2,0,2,0
Waarp Proxy in R66 protocol/WaarpGatewayKernel,org.waarp.gateway.kernel.rest.client,HttpRestClientHelper,286,422,24,20,76,94,18,10,2,4
Waarp Proxy in R66 protocol/WaarpGatewayKernel,org.waarp.gateway.kernel.rest.client,RestFuture,6,15,0,0,3,7,2,4,2,4
Waarp Proxy in R66 protocol/WaarpGatewayKernel,org.waarp.gateway.kernel.rest.client,HttpRestClientSimpleResponseHandler,139,110,19,13,34,29,15,6,2,3
Waarp Proxy in R66 protocol/WaarpGatewayKernel,org.waarp.gateway.kernel.exception,HttpIncorrectRequestException,9,4,0,0,4,2,2,1,2,1
Waarp Proxy in R66 protocol/WaarpGatewayKernel,org.waarp.gateway.kernel.exception,HttpIncorrectRetrieveException,16,0,0,0,8,0,4,0,4,0
Waarp Proxy in R66 protocol/WaarpGatewayKernel,org.waarp.gateway.kernel.exception,HttpForbiddenRequestException,9,4,0,0,4,2,2,1,2,1
Waarp Proxy in R66 protocol/WaarpGatewayKernel,org.waarp.gateway.kernel.exception,HttpInvalidAuthenticationException,13,0,0,0,6,0,3,0,3,0
Waarp Proxy in R66 protocol/WaarpGatewayKernel,org.waarp.gateway.kernel.exception,HttpMethodNotAllowedRequestException,9,4,0,0,4,2,2,1,2,1
Waarp Proxy in R66 protocol/WaarpGatewayKernel,org.waarp.gateway.kernel.exception,HttpNotFoundRequestException,8,5,0,0,4,2,2,1,2,1
Waarp Proxy in R66 protocol/WaarpGatewayKernel,org.waarp.gateway.kernel.database,WaarpActionLogger,157,65,19,3,51,18,12,4,0,4
Waarp Proxy in R66 protocol/WaarpGatewayKernel,org.waarp.gateway.kernel.database,DbConstantGateway,3,0,0,0,1,0,1,0,1,0
Waarp Proxy in R66 protocol/WaarpGatewayKernel,org.waarp.gateway.kernel.session,DefaultHttpAuth,25,33,0,0,11,13,8,7,8,7
Waarp Proxy in R66 protocol/WaarpGatewayKernel,org.waarp.gateway.kernel.session,HttpSession,32,78,2,0,14,21,11,10,10,10
Waarp Proxy in R66 protocol/WaarpGatewayKernel,org.waarp.gateway.kernel.database.data,DbTransferLog.Columns,0,114,0,0,0,3,0,1,0,1
Waarp Proxy in R66 protocol/WaarpGatewayKernel,org.waarp.gateway.kernel.database.data,DbTransferLog,2118,476,86,0,436,38,95,3,52,3
Waarp Proxy in R66 protocol/WaarpGatewayKernel,org.waarp.gateway.kernel.database.model,DbModelFactoryGateway,143,0,8,0,40,0,10,0,4,0
Waarp Proxy in R66 protocol/WaarpGatewayKernel,org.waarp.gateway.kernel.database.model,DbModelMariaDbKernel,27,0,0,0,10,0,6,0,6,0
Waarp Proxy in R66 protocol/WaarpGatewayKernel,org.waarp.gateway.kernel.database.model,DbModelMysqlKernel,348,0,8,0,99,0,13,0,9,0
Waarp Proxy in R66 protocol/WaarpGatewayKernel,org.waarp.gateway.kernel.database.model,DbModelPostgresqlKernel,194,0,6,0,53,0,10,0,7,0
Waarp Proxy in R66 protocol/WaarpGatewayKernel,org.waarp.gateway.kernel.database.model,DbModelOracleKernel,279,0,8,0,81,0,13,0,9,0
Waarp Proxy in R66 protocol/WaarpGatewayKernel,org.waarp.gateway.kernel.database.model,DbModelH2Kernel,217,0,6,0,60,0,10,0,7,0
Waarp Proxy in R66 protocol/WaarpGatewayKernel,org.waarp.gateway.kernel.commonfile,CommonDirImpl,8,5,0,0,1,2,1,1,1,1
Waarp Proxy in R66 protocol/WaarpGatewayKernel,org.waarp.gateway.kernel.commonfile,CommonFileChunkedInput,98,0,2,0,33,0,8,0,7,0
Waarp Proxy in R66 protocol/WaarpGatewayKernel,org.waarp.gateway.kernel.commonfile,FilesystemBasedFileParameterImpl,11,0,0,0,3,0,2,0,2,0
Waarp Proxy in R66 protocol/WaarpGatewayKernel,org.waarp.gateway.kernel.commonfile,CommonFileImpl,13,0,0,0,4,0,2,0,2,0
Waarp Proxy in R66 protocol/WaarpGatewayKernel,org.waarp.gateway.kernel.http,HttpWriteCacheEnable,46,333,8,20,17,85,8,12,0,6
Waarp Proxy in R66 protocol/WaarpGatewayKernel,org.waarp.gateway.kernel.http,HttpRequestHandler,661,800,91,68,167,231,68,44,5,24
Waarp Proxy in R66 protocol/WaarpGatewayKernel,org.waarp.gateway.kernel.http,HttpCleanChannelFutureListener,10,0,0,0,5,0,2,0,2,0
Waarp Proxy in R66 protocol/WaarpGatewayKernel,org.waarp.gateway.kernel,DefaultHttpField,492,37,66,0,101,7,42,2,4,2
Waarp Proxy in R66 protocol/WaarpGatewayKernel,org.waarp.gateway.kernel,HttpPage.PageRole,0,84,0,0,0,2,0,1,0,1
Waarp Proxy in R66 protocol/WaarpGatewayKernel,org.waarp.gateway.kernel,HttpPageHandler,40,105,9,18,6,31,8,14,0,6
Waarp Proxy in R66 protocol/WaarpGatewayKernel,org.waarp.gateway.kernel,HttpBusinessFactory,18,352,0,0,11,56,1,3,1,3
Waarp Proxy in R66 protocol/WaarpGatewayKernel,org.waarp.gateway.kernel,AbstractHttpField.FieldRole,0,114,0,0,0,5,0,1,0,1
Waarp Proxy in R66 protocol/WaarpGatewayKernel,org.waarp.gateway.kernel,HttpXmlDefinition,1086,0,144,0,197,0,80,0,8,0
Waarp Proxy in R66 protocol/WaarpGatewayKernel,org.waarp.gateway.kernel,AbstractHttpField,32,96,2,0,12,39,5,19,4,19
Waarp Proxy in R66 protocol/WaarpGatewayKernel,org.waarp.gateway.kernel,AbstractHttpBusinessRequest,31,0,2,0,10,0,4,0,3,0
Waarp Proxy in R66 protocol/WaarpGatewayKernel,org.waarp.gateway.kernel,AbstractHttpField.FieldPosition,0,54,0,0,0,2,0,1,0,1
Waarp Proxy in R66 protocol/WaarpGatewayKernel,org.waarp.gateway.kernel,HttpPage,558,209,130,8,139,80,77,34,9,33
Waarp Proxy in R66 protocol/WaarpGatewayKernel,org.waarp.gateway.kernel,HttpJsonDefinition,249,169,4,4,37,43,5,6,3,4
Waarp Proxy in R66 protocol/WaarpGatewayKernel,org.waarp.gateway.kernel.http.saplink,HttpSapBusinessFactory.SapField,0,445,0,0,0,20,0,4,0,4
Waarp Proxy in R66 protocol/WaarpGatewayKernel,org.waarp.gateway.kernel.http.saplink,HttpSapBusinessFactory.SapFunction,0,104,0,0,0,3,0,1,0,1
Waarp Proxy in R66 protocol/WaarpGatewayKernel,org.waarp.gateway.kernel.http.saplink,HttpGerenateJsonConfiguration,12,13,1,1,6,5,2,1,1,1
Waarp Proxy in R66 protocol/WaarpGatewayKernel,org.waarp.gateway.kernel.http.saplink,HttpSapBusinessFactory,63,1671,2,14,17,210,2,11,0,5
Waarp Proxy in R66 protocol/WaarpDigest,org.waarp.common.digest,FilesystemBasedDigest,252,864,25,81,51,194,24,70,2,32
Waarp Proxy in R66 protocol/WaarpDigest,org.waarp.common.digest,MD5State,0,61,0,0,0,14,0,2,0,2
Waarp Proxy in R66 protocol/WaarpDigest,org.waarp.common.digest,FilesystemBasedDigest.DigestAlgo,57,119,16,0,19,10,9,4,1,4
Waarp Proxy in R66 protocol/WaarpDigest,org.waarp.common.digest,WaarpBC,57,84,7,7,21,28,6,7,0,6
Waarp Proxy in R66 protocol/WaarpDigest,org.waarp.common.digest,MD5,50,3459,16,46,14,313,14,45,0,28
Waarp Proxy in R66 protocol/WaarpDigest,org.waarp.common.digest,WaarpBC.new Provider() {...},0,19,0,0,0,3,0,1,0,1
