GROUP,PACKAGE,CLASS,INSTRUCTION_MISSED,INSTRUCTION_COVERED,BRANCH_MISSED,BRANCH_COVERED,LINE_MISSED,LINE_COVERED,COMPLEXITY_MISSED,COMPLEXITY_COVERED,METHOD_MISSED,METHOD_COVERED
Waarp Ftp Filesystem/WaarpFtp-Core,org.waarp.ftp.core.command.extension,XSHA1,40,0,2,0,9,0,3,0,2,0
Waarp Ftp Filesystem/WaarpFtp-Core,org.waarp.ftp.core.command.extension,XMD5,40,0,2,0,9,0,3,0,2,0
Waarp Ftp Filesystem/WaarpFtp-Core,org.waarp.ftp.core.command.extension,XCRC,40,0,2,0,8,0,3,0,2,0
Waarp Ftp Filesystem/WaarpFtp-Core,org.waarp.ftp.core.command.extension,XDIGEST,62,0,6,0,11,0,5,0,2,0
Waarp Ftp Filesystem/WaarpFtp-Core,org.waarp.ftp.core.utils,FtpChannelUtils,543,0,42,0,149,0,43,0,22,0
Waarp Ftp Filesystem/WaarpFtp-Core,org.waarp.ftp.core.utils,FtpTimerTask,39,0,3,0,17,0,7,0,5,0
Waarp Ftp Filesystem/WaarpFtp-Core,org.waarp.ftp.core.utils,FtpShutdownHook,9,0,0,0,5,0,2,0,2,0
Waarp Ftp Filesystem/WaarpFtp-Core,org.waarp.ftp.core.data,FtpTransfer,90,0,6,0,28,0,13,0,10,0
Waarp Ftp Filesystem/WaarpFtp-Core,org.waarp.ftp.core.data,FtpTransferExecutor,173,0,14,0,56,0,12,0,5,0
Waarp Ftp Filesystem/WaarpFtp-Core,org.waarp.ftp.core.data,FtpDataAsyncConn,467,0,48,0,128,0,61,0,37,0
Waarp Ftp Filesystem/WaarpFtp-Core,org.waarp.ftp.core.data,FtpTransferControl,1053,0,128,0,316,0,89,0,25,0
Waarp Ftp Filesystem/WaarpFtp-Core,org.waarp.ftp.core.command.rfc2389,FEAT,12,0,0,0,5,0,2,0,2,0
Waarp Ftp Filesystem/WaarpFtp-Core,org.waarp.ftp.core.command.rfc2389,OPTS,16,0,0,0,5,0,2,0,2,0
Waarp Ftp Filesystem/WaarpFtp-Core,org.waarp.ftp.core.exception,FtpNoConnectionException,9,0,0,0,4,0,2,0,2,0
Waarp Ftp Filesystem/WaarpFtp-Core,org.waarp.ftp.core.exception,FtpUnknownFieldException,9,0,0,0,4,0,2,0,2,0
Waarp Ftp Filesystem/WaarpFtp-Core,org.waarp.ftp.core.exception,FtpNoTransferException,9,0,0,0,4,0,2,0,2,0
Waarp Ftp Filesystem/WaarpFtp-Core,org.waarp.ftp.core.exception,FtpNoFileException,9,0,0,0,4,0,2,0,2,0
Waarp Ftp Filesystem/WaarpFtp-Core,org.waarp.ftp.core.control.ftps,FtpsInitializer,70,0,0,0,16,0,2,0,2,0
Waarp Ftp Filesystem/WaarpFtp-Core,org.waarp.ftp.core.control.ftps,SslNetworkHandler,46,0,2,0,18,0,6,0,5,0
Waarp Ftp Filesystem/WaarpFtp-Core,org.waarp.ftp.core.command.rfc775,XRMD,3,0,0,0,1,0,1,0,1,0
Waarp Ftp Filesystem/WaarpFtp-Core,org.waarp.ftp.core.command.rfc775,XMKD,3,0,0,0,1,0,1,0,1,0
Waarp Ftp Filesystem/WaarpFtp-Core,org.waarp.ftp.core.command.rfc775,XPWD,3,0,0,0,1,0,1,0,1,0
Waarp Ftp Filesystem/WaarpFtp-Core,org.waarp.ftp.core.command.rfc775,XCUP,3,0,0,0,1,0,1,0,1,0
Waarp Ftp Filesystem/WaarpFtp-Core,org.waarp.ftp.core.command.rfc775,XCWD,3,0,0,0,1,0,1,0,1,0
Waarp Ftp Filesystem/WaarpFtp-Core,org.waarp.ftp.core.config,FtpGlobalTrafficShapingHandler,48,0,2,0,13,0,7,0,6,0
Waarp Ftp Filesystem/WaarpFtp-Core,org.waarp.ftp.core.config,FtpChannelTrafficShapingHandler,34,0,2,0,11,0,6,0,5,0
Waarp Ftp Filesystem/WaarpFtp-Core,org.waarp.ftp.core.config,FtpInternalConfiguration.BindAddress,15,0,0,0,5,0,1,0,1,0
Waarp Ftp Filesystem/WaarpFtp-Core,org.waarp.ftp.core.config,FtpConfiguration,462,0,24,0,137,0,67,0,55,0
Waarp Ftp Filesystem/WaarpFtp-Core,org.waarp.ftp.core.config,FtpInternalConfiguration,710,0,36,0,161,0,42,0,24,0
Waarp Ftp Filesystem/WaarpFtp-Core,org.waarp.ftp.core.command.directory,CDUP,39,0,4,0,10,0,4,0,2,0
Waarp Ftp Filesystem/WaarpFtp-Core,org.waarp.ftp.core.command.directory,CWD,55,0,6,0,16,0,6,0,3,0
Waarp Ftp Filesystem/WaarpFtp-Core,org.waarp.ftp.core.command.directory,SMNT,3,0,0,0,1,0,1,0,1,0
Waarp Ftp Filesystem/WaarpFtp-Core,org.waarp.ftp.core.command.info,STAT,144,0,10,0,35,0,7,0,2,0
Waarp Ftp Filesystem/WaarpFtp-Core,org.waarp.ftp.core.command.info,SITE,112,0,12,0,28,0,8,0,2,0
Waarp Ftp Filesystem/WaarpFtp-Core,org.waarp.ftp.core.command.info,SYST,9,0,0,0,4,0,2,0,2,0
Waarp Ftp Filesystem/WaarpFtp-Core,org.waarp.ftp.core.command.info,HELP,14,0,0,0,5,0,2,0,2,0
Waarp Ftp Filesystem/WaarpFtp-Core,org.waarp.ftp.core.command.info,NOOP,19,0,0,0,7,0,3,0,3,0
Waarp Ftp Filesystem/WaarpFtp-Core,org.waarp.ftp.core.data.handler.ftps,FtpsDataInitializer,92,0,2,0,22,0,3,0,2,0
Waarp Ftp Filesystem/WaarpFtp-Core,org.waarp.ftp.core.data.handler.ftps,FtpsTemporaryFirstHandler.new GenericFutureListener() {...},63,0,2,0,14,0,3,0,2,0
Waarp Ftp Filesystem/WaarpFtp-Core,org.waarp.ftp.core.data.handler.ftps,FtpsTemporaryFirstHandler,127,0,10,0,43,0,11,0,6,0
Waarp Ftp Filesystem/WaarpFtp-Core,org.waarp.ftp.core.data.handler,DataBusinessHandler,20,0,0,0,10,0,6,0,6,0
Waarp Ftp Filesystem/WaarpFtp-Core,org.waarp.ftp.core.data.handler,FtpDataInitializer,95,0,2,0,24,0,4,0,3,0
Waarp Ftp Filesystem/WaarpFtp-Core,org.waarp.ftp.core.data.handler,DataNetworkHandler,643,0,80,0,194,0,55,0,15,0
Waarp Ftp Filesystem/WaarpFtp-Core,org.waarp.ftp.core.data.handler,FtpDataStructureCodec,79,0,8,0,18,0,9,0,5,0
Waarp Ftp Filesystem/WaarpFtp-Core,org.waarp.ftp.core.data.handler,FtpDataModeCodec,723,0,88,0,187,0,58,0,14,0
Waarp Ftp Filesystem/WaarpFtp-Core,org.waarp.ftp.core.data.handler,FtpSeekAheadData,67,0,2,0,18,0,4,0,3,0
Waarp Ftp Filesystem/WaarpFtp-Core,org.waarp.ftp.core.data.handler,FtpSeekAheadData.SeekAheadNoBackArrayException,3,0,0,0,1,0,1,0,1,0
Waarp Ftp Filesystem/WaarpFtp-Core,org.waarp.ftp.core.data.handler,FtpDataTypeCodec,157,0,14,0,38,0,16,0,9,0
Waarp Ftp Filesystem/WaarpFtp-Core,org.waarp.ftp.core.control,FtpInitializer,98,0,0,0,21,0,3,0,3,0
Waarp Ftp Filesystem/WaarpFtp-Core,org.waarp.ftp.core.control,FtpControlStringEncoder,12,0,0,0,6,0,3,0,3,0
Waarp Ftp Filesystem/WaarpFtp-Core,org.waarp.ftp.core.control,BusinessHandler,300,0,12,0,63,0,15,0,9,0
Waarp Ftp Filesystem/WaarpFtp-Core,org.waarp.ftp.core.control,FtpControlStringDecoder,12,0,0,0,6,0,3,0,3,0
Waarp Ftp Filesystem/WaarpFtp-Core,org.waarp.ftp.core.control,NetworkHandler.new GenericFutureListener() {...},52,0,4,0,15,0,4,0,2,0
Waarp Ftp Filesystem/WaarpFtp-Core,org.waarp.ftp.core.control,NetworkHandler,709,0,78,0,197,0,54,0,15,0
Waarp Ftp Filesystem/WaarpFtp-Core,org.waarp.ftp.core.command.access,USER,42,0,2,0,13,0,3,0,2,0
Waarp Ftp Filesystem/WaarpFtp-Core,org.waarp.ftp.core.command.access,REIN,15,0,0,0,5,0,2,0,2,0
Waarp Ftp Filesystem/WaarpFtp-Core,org.waarp.ftp.core.command.access,PASS,53,0,4,0,16,0,4,0,2,0
Waarp Ftp Filesystem/WaarpFtp-Core,org.waarp.ftp.core.command.access,ACCT,41,0,2,0,13,0,3,0,2,0
Waarp Ftp Filesystem/WaarpFtp-Core,org.waarp.ftp.core.command.access,QUIT,16,0,0,0,6,0,2,0,2,0
Waarp Ftp Filesystem/WaarpFtp-Core,org.waarp.ftp.core.command,AbstractCommand,191,0,30,0,49,0,31,0,16,0
Waarp Ftp Filesystem/WaarpFtp-Core,org.waarp.ftp.core.command,FtpArgumentCode.TransferStructure,45,0,0,0,7,0,2,0,2,0
Waarp Ftp Filesystem/WaarpFtp-Core,org.waarp.ftp.core.command,FtpArgumentCode.TransferMode,45,0,0,0,7,0,2,0,2,0
Waarp Ftp Filesystem/WaarpFtp-Core,org.waarp.ftp.core.command,FtpArgumentCode,82,0,17,0,21,0,17,0,4,0
Waarp Ftp Filesystem/WaarpFtp-Core,org.waarp.ftp.core.command,FtpArgumentCode.TransferType,73,0,0,0,13,0,3,0,3,0
Waarp Ftp Filesystem/WaarpFtp-Core,org.waarp.ftp.core.command,FtpArgumentCode.TransferSubType,45,0,0,0,7,0,2,0,2,0
Waarp Ftp Filesystem/WaarpFtp-Core,org.waarp.ftp.core.command,FtpCommandCode,1129,0,62,0,104,0,43,0,12,0
Waarp Ftp Filesystem/WaarpFtp-Core,org.waarp.ftp.core.command.parameter,TYPE,169,0,14,0,33,0,9,0,2,0
Waarp Ftp Filesystem/WaarpFtp-Core,org.waarp.ftp.core.command.parameter,STRU,91,0,6,0,23,0,5,0,2,0
Waarp Ftp Filesystem/WaarpFtp-Core,org.waarp.ftp.core.command.parameter,PASV,164,0,14,0,46,0,10,0,3,0
Waarp Ftp Filesystem/WaarpFtp-Core,org.waarp.ftp.core.command.parameter,PORT,89,0,6,0,22,0,6,0,3,0
Waarp Ftp Filesystem/WaarpFtp-Core,org.waarp.ftp.core.command.parameter,MODE,91,0,6,0,19,0,5,0,2,0
Waarp Ftp Filesystem/WaarpFtp-Core,org.waarp.ftp.core.command.rfc4217,PBSZ,52,0,6,0,11,0,5,0,2,0
Waarp Ftp Filesystem/WaarpFtp-Core,org.waarp.ftp.core.command.rfc4217,AUTH,107,0,10,0,27,0,8,0,3,0
Waarp Ftp Filesystem/WaarpFtp-Core,org.waarp.ftp.core.command.rfc4217,PROT,119,0,20,0,27,0,12,0,2,0
Waarp Ftp Filesystem/WaarpFtp-Core,org.waarp.ftp.core.command.rfc4217,CCC,33,0,4,0,9,0,4,0,2,0
Waarp Ftp Filesystem/WaarpFtp-Core,org.waarp.ftp.core.command.rfc2428,EPRT,84,0,4,0,20,0,5,0,3,0
Waarp Ftp Filesystem/WaarpFtp-Core,org.waarp.ftp.core.command.rfc2428,EPSV,146,0,10,0,36,0,8,0,3,0
Waarp Ftp Filesystem/WaarpFtp-Core,org.waarp.ftp.core.command.service,APPE,51,0,6,0,14,0,5,0,2,0
Waarp Ftp Filesystem/WaarpFtp-Core,org.waarp.ftp.core.command.service,RNFR,39,0,6,0,10,0,5,0,2,0
Waarp Ftp Filesystem/WaarpFtp-Core,org.waarp.ftp.core.command.service,STOR,51,0,6,0,14,0,5,0,2,0
Waarp Ftp Filesystem/WaarpFtp-Core,org.waarp.ftp.core.command.service,RMD,35,0,2,0,7,0,3,0,2,0
Waarp Ftp Filesystem/WaarpFtp-Core,org.waarp.ftp.core.command.service,STOU,45,0,6,0,13,0,5,0,2,0
Waarp Ftp Filesystem/WaarpFtp-Core,org.waarp.ftp.core.command.service,MKD,35,0,2,0,7,0,3,0,2,0
Waarp Ftp Filesystem/WaarpFtp-Core,org.waarp.ftp.core.command.service,ALLO,80,0,8,0,16,0,6,0,2,0
Waarp Ftp Filesystem/WaarpFtp-Core,org.waarp.ftp.core.command.service,RETR,62,0,6,0,18,0,6,0,3,0
Waarp Ftp Filesystem/WaarpFtp-Core,org.waarp.ftp.core.command.service,REST,33,0,4,0,9,0,4,0,2,0
Waarp Ftp Filesystem/WaarpFtp-Core,org.waarp.ftp.core.command.service,ABOR,40,0,2,0,16,0,3,0,2,0
Waarp Ftp Filesystem/WaarpFtp-Core,org.waarp.ftp.core.command.service,RNTO,62,0,6,0,18,0,5,0,2,0
Waarp Ftp Filesystem/WaarpFtp-Core,org.waarp.ftp.core.command.service,PWD,21,0,0,0,4,0,2,0,2,0
Waarp Ftp Filesystem/WaarpFtp-Core,org.waarp.ftp.core.command.service,DELE,54,0,6,0,14,0,5,0,2,0
Waarp Ftp Filesystem/WaarpFtp-Core,org.waarp.ftp.core.command.service,NLST,76,0,8,0,17,0,6,0,2,0
Waarp Ftp Filesystem/WaarpFtp-Core,org.waarp.ftp.core.command.service,LIST,35,0,2,0,9,0,3,0,2,0
Waarp Ftp Filesystem/WaarpFtp-Core,org.waarp.ftp.core.session,FtpSessionReference,187,0,14,0,41,0,15,0,8,0
Waarp Ftp Filesystem/WaarpFtp-Core,org.waarp.ftp.core.session,FtpSession,571,0,48,0,142,0,65,0,41,0
Waarp Ftp Filesystem/WaarpFtp-Core,org.waarp.ftp.core.session,FtpSessionReference.P2PAddress,73,0,16,0,18,0,13,0,5,0
Waarp Ftp Filesystem/WaarpFtp-Core,org.waarp.ftp.core.command.rfc3659,MDTM,26,0,2,0,7,0,3,0,2,0
Waarp Ftp Filesystem/WaarpFtp-Core,org.waarp.ftp.core.command.rfc3659,MLSD,35,0,2,0,9,0,3,0,2,0
Waarp Ftp Filesystem/WaarpFtp-Core,org.waarp.ftp.core.command.rfc3659,MLST,28,0,2,0,8,0,3,0,2,0
Waarp Ftp Filesystem/WaarpFtp-Core,org.waarp.ftp.core.command.rfc3659,SIZE,49,0,4,0,11,0,4,0,2,0
Waarp Ftp Filesystem/WaarpFtp-Core,org.waarp.ftp.core.command.internal,UnimplementedCommand,40,0,0,0,9,0,3,0,3,0
Waarp Ftp Filesystem/WaarpFtp-Core,org.waarp.ftp.core.command.internal,LIMITBANDWIDTH,78,0,6,0,19,0,5,0,2,0
Waarp Ftp Filesystem/WaarpFtp-Core,org.waarp.ftp.core.command.internal,IncorrectCommand,69,0,6,0,13,0,6,0,3,0
Waarp Ftp Filesystem/WaarpFtp-Core,org.waarp.ftp.core.command.internal,ConnectionCommand,15,0,0,0,5,0,2,0,2,0
Waarp Ftp Filesystem/WaarpFtp-Core,org.waarp.ftp.core.command.internal,INTERNALSHUTDOWN,70,0,8,0,18,0,7,0,3,0
Waarp Ftp Filesystem/WaarpFtp-Core,org.waarp.ftp.core.command.internal,UnknownCommand,40,0,0,0,10,0,3,0,3,0
Waarp Ftp Filesystem/WaarpFtp-Core,org.waarp.ftp.core.command.internal,INTERNALSHUTDOWN.ShutdownChannelFutureListener,14,0,0,0,6,0,2,0,2,0
Waarp Ftp Filesystem/WaarpCommon,org.waarp.common.database.model,DbModelH2.DbTypeResolverH2,10,0,0,0,4,0,4,0,4,0
Waarp Ftp Filesystem/WaarpCommon,org.waarp.common.database.model,EmptyDbModel,23,0,0,0,14,0,13,0,13,0
Waarp Ftp Filesystem/WaarpCommon,org.waarp.common.database.model,DbModelMariadb.DbTypeResolverMariadDb,10,0,0,0,4,0,4,0,4,0
Waarp Ftp Filesystem/WaarpCommon,org.waarp.common.database.model,DbModelMariadb,238,0,10,0,62,0,12,0,7,0
Waarp Ftp Filesystem/WaarpCommon,org.waarp.common.database.model,DbModelFactory,66,0,8,0,16,0,9,0,3,0
Waarp Ftp Filesystem/WaarpCommon,org.waarp.common.database.model,DbModelPostgresql.DbTypeResolverPostgreSQL,6,0,0,0,2,0,2,0,2,0
Waarp Ftp Filesystem/WaarpCommon,org.waarp.common.database.model,DbModelH2.DBType,259,0,17,0,32,0,19,0,3,0
Waarp Ftp Filesystem/WaarpCommon,org.waarp.common.database.model,DbModelCommonMariadbMySql.DBType,229,0,15,0,29,0,17,0,3,0
Waarp Ftp Filesystem/WaarpCommon,org.waarp.common.database.model,DbModelAbstract.DbTypeResolver,11,0,0,0,5,0,5,0,5,0
Waarp Ftp Filesystem/WaarpCommon,org.waarp.common.database.model,DbModelOracle.DBType,229,0,15,0,30,0,17,0,3,0
Waarp Ftp Filesystem/WaarpCommon,org.waarp.common.database.model,DbModelPostgresql,153,0,6,0,46,0,10,0,7,0
Waarp Ftp Filesystem/WaarpCommon,org.waarp.common.database.model,DbModelPostgresql.DBType,229,0,15,0,29,0,17,0,3,0
Waarp Ftp Filesystem/WaarpCommon,org.waarp.common.database.model,DbModelH2,259,0,12,0,74,0,17,0,11,0
Waarp Ftp Filesystem/WaarpCommon,org.waarp.common.database.model,DbType,96,0,10,0,13,0,7,0,2,0
Waarp Ftp Filesystem/WaarpCommon,org.waarp.common.database.model,DbModelMysql,368,0,8,0,96,0,13,0,9,0
Waarp Ftp Filesystem/WaarpCommon,org.waarp.common.database.model,DbModelOracle.DbTypeResolverOracle,6,0,0,0,2,0,2,0,2,0
Waarp Ftp Filesystem/WaarpCommon,org.waarp.common.database.model,DbModelAbstract,346,0,36,0,125,0,31,0,13,0
Waarp Ftp Filesystem/WaarpCommon,org.waarp.common.database.model,DbModelCommonMariadbMySql,157,0,4,0,44,0,8,0,6,0
Waarp Ftp Filesystem/WaarpCommon,org.waarp.common.database.model,DbModelOracle,369,0,12,0,100,0,18,0,12,0
Waarp Ftp Filesystem/WaarpCommon,org.waarp.common.database.model,DbModelMysql.DbTypeResolverMySQL,10,0,0,0,4,0,4,0,4,0
Waarp Ftp Filesystem/WaarpCommon,org.waarp.common.utility,Base64.InnerInputStream,31,281,12,36,9,52,11,17,1,3
Waarp Ftp Filesystem/WaarpCommon,org.waarp.common.utility,Base64.InnerOutputStream,58,253,10,22,16,44,11,13,3,5
Waarp Ftp Filesystem/WaarpCommon,org.waarp.common.utility,DetectionUtils,45,49,5,1,22,19,8,5,5,5
Waarp Ftp Filesystem/WaarpCommon,org.waarp.common.utility,WaarpShutdownHook.ShutdownConfiguration,0,6,0,0,0,2,0,1,0,1
Waarp Ftp Filesystem/WaarpCommon,org.waarp.common.utility,WaarpShutdownHook.ShutdownTimerTask,25,25,5,3,6,11,4,3,0,3
Waarp Ftp Filesystem/WaarpCommon,org.waarp.common.utility,ThreadLocalRandom,4,44,1,1,1,9,1,5,0,5
Waarp Ftp Filesystem/WaarpCommon,org.waarp.common.utility,SystemPropertyUtil.Platform,0,54,0,0,0,6,0,1,0,1
Waarp Ftp Filesystem/WaarpCommon,org.waarp.common.utility,WaarpNettyUtil,78,190,21,7,27,42,18,7,4,7
Waarp Ftp Filesystem/WaarpCommon,org.waarp.common.utility,SingletonUtils.VoidOutputStream,0,5,0,0,0,5,0,5,0,5
Waarp Ftp Filesystem/WaarpCommon,org.waarp.common.utility,FileConvert,239,178,37,25,60,50,26,12,3,4
Waarp Ftp Filesystem/WaarpCommon,org.waarp.common.utility,StringUtils,17,94,4,8,5,24,3,7,0,4
Waarp Ftp Filesystem/WaarpCommon,org.waarp.common.utility,WaarpStringUtils,283,85,29,1,75,23,23,7,8,7
Waarp Ftp Filesystem/WaarpCommon,org.waarp.common.utility,ThreadLocalRandom.new ThreadLocal() {...},0,7,0,0,0,2,0,2,0,2
Waarp Ftp Filesystem/WaarpCommon,org.waarp.common.utility,Hexa,45,201,2,8,7,21,4,8,3,4
Waarp Ftp Filesystem/WaarpCommon,org.waarp.common.utility,SingletonUtils,0,26,0,0,0,9,0,7,0,7
Waarp Ftp Filesystem/WaarpCommon,org.waarp.common.utility,Version,44,0,0,0,14,0,5,0,5,0
Waarp Ftp Filesystem/WaarpCommon,org.waarp.common.utility,ParametersChecker,11,337,5,53,3,60,5,34,0,10
Waarp Ftp Filesystem/WaarpCommon,org.waarp.common.utility,WaarpShutdownHook,342,219,44,22,81,90,31,21,3,16
Waarp Ftp Filesystem/WaarpCommon,org.waarp.common.utility,Base64,333,5084,52,80,54,243,49,46,1,27
Waarp Ftp Filesystem/WaarpCommon,org.waarp.common.utility,SingletonUtils.NullInputStream,0,15,0,0,0,9,0,9,0,9
Waarp Ftp Filesystem/WaarpCommon,org.waarp.common.utility,SystemPropertyUtil,330,685,42,68,76,179,34,49,4,24
Waarp Ftp Filesystem/WaarpCommon,org.waarp.common.utility,Base64.new ObjectInputStream() {...},22,0,2,0,6,0,3,0,2,0
Waarp Ftp Filesystem/WaarpCommon,org.waarp.common.utility,WaarpThreadFactory,24,43,0,0,4,9,1,2,1,2
Waarp Ftp Filesystem/WaarpCommon,org.waarp.common.utility,BaseXx,0,158,0,0,0,31,0,11,0,11
Waarp Ftp Filesystem/WaarpCommon,org.waarp.common.xml,XmlHash,47,157,8,14,12,32,8,18,3,12
Waarp Ftp Filesystem/WaarpCommon,org.waarp.common.xml,XmlType,45,335,34,41,4,38,34,26,4,13
Waarp Ftp Filesystem/WaarpCommon,org.waarp.common.xml,XmlValue,949,655,119,88,166,162,94,62,6,28
Waarp Ftp Filesystem/WaarpCommon,org.waarp.common.xml,XmlUtil,214,937,37,99,54,255,35,68,3,32
Waarp Ftp Filesystem/WaarpCommon,org.waarp.common.xml,XmlRootHash,0,26,0,2,0,4,0,2,0,1
Waarp Ftp Filesystem/WaarpCommon,org.waarp.common.xml,XmlDecl,116,116,23,11,24,35,19,13,3,12
Waarp Ftp Filesystem/WaarpCommon,org.waarp.common.crypto,Des,11,0,0,0,5,0,5,0,5,0
Waarp Ftp Filesystem/WaarpCommon,org.waarp.common.crypto,HmacSha256,93,18,2,0,24,6,7,4,6,4
Waarp Ftp Filesystem/WaarpCommon,org.waarp.common.crypto,KeyManager,227,0,18,0,61,0,16,0,7,0
Waarp Ftp Filesystem/WaarpCommon,org.waarp.common.crypto,DynamicKeyManager,323,0,20,0,91,0,17,0,7,0
Waarp Ftp Filesystem/WaarpCommon,org.waarp.common.crypto,DesManager,12,0,0,0,3,0,3,0,3,0
Waarp Ftp Filesystem/WaarpCommon,org.waarp.common.crypto,DynamicKeyObject.INSTANCES,0,89,0,0,0,10,0,2,0,2
Waarp Ftp Filesystem/WaarpCommon,org.waarp.common.crypto,HmacSha256Manager,14,0,0,0,4,0,4,0,4,0
Waarp Ftp Filesystem/WaarpCommon,org.waarp.common.crypto,BlowfishManager,14,0,0,0,4,0,4,0,4,0
Waarp Ftp Filesystem/WaarpCommon,org.waarp.common.crypto,DynamicKeyObject,39,24,0,0,13,9,3,4,3,4
Waarp Ftp Filesystem/WaarpCommon,org.waarp.common.crypto,AesManager,14,0,0,0,4,0,4,0,4,0
Waarp Ftp Filesystem/WaarpCommon,org.waarp.common.crypto,Aes,11,0,0,0,5,0,5,0,5,0
Waarp Ftp Filesystem/WaarpCommon,org.waarp.common.crypto,KeyObject,224,125,14,4,67,32,18,16,9,16
Waarp Ftp Filesystem/WaarpCommon,org.waarp.common.crypto,DynamicKeyObject.INSTANCESMAX,0,89,0,0,0,10,0,2,0,2
Waarp Ftp Filesystem/WaarpCommon,org.waarp.common.crypto,Blowfish,11,0,0,0,5,0,5,0,5,0
Waarp Ftp Filesystem/WaarpCommon,org.waarp.common.crypto,HmacSha1Manager,14,0,0,0,4,0,4,0,4,0
Waarp Ftp Filesystem/WaarpCommon,org.waarp.common.crypto,HmacSha1,19,18,0,0,5,6,5,4,5,4
Waarp Ftp Filesystem/WaarpCommon,org.waarp.common.logging,WaarpJdkLoggerFactory,2,74,1,14,1,27,1,12,0,4
Waarp Ftp Filesystem/WaarpCommon,org.waarp.common.logging,WaarpSlf4JLoggerFactory,50,89,13,10,18,27,13,6,1,5
Waarp Ftp Filesystem/WaarpCommon,org.waarp.common.logging,WaarpJdkLogger,102,429,31,33,16,109,32,34,2,32
Waarp Ftp Filesystem/WaarpCommon,org.waarp.common.logging,WaarpSlf4JLogger,306,127,29,11,46,32,37,14,17,14
Waarp Ftp Filesystem/WaarpCommon,org.waarp.common.logging,FormattingTuple,0,60,0,6,0,18,0,9,0,6
Waarp Ftp Filesystem/WaarpCommon,org.waarp.common.logging,WaarpLogLevel,0,54,0,0,0,6,0,1,0,1
Waarp Ftp Filesystem/WaarpCommon,org.waarp.common.logging,WaarpLoggerFactory,36,87,5,11,12,36,6,15,3,10
Waarp Ftp Filesystem/WaarpCommon,org.waarp.common.logging,SysErrLogger,23,45,0,0,7,13,3,7,3,7
Waarp Ftp Filesystem/WaarpCommon,org.waarp.common.logging,PrintOnlyWarningLogbackStatusListener,2,32,1,5,1,10,1,5,0,3
Waarp Ftp Filesystem/WaarpCommon,org.waarp.common.logging,WaarpSlf4JLoggerFactory.new OutputStream() {...},7,9,0,0,2,1,1,1,1,1
Waarp Ftp Filesystem/WaarpCommon,org.waarp.common.logging,MessageFormatter,128,578,19,71,24,133,17,45,0,17
Waarp Ftp Filesystem/WaarpCommon,org.waarp.common.logging,AbstractWaarpLogger,275,101,43,7,90,35,50,10,15,9
Waarp Ftp Filesystem/WaarpCommon,org.waarp.common.json,JsonHandler,230,197,23,13,72,53,37,24,20,23
Waarp Ftp Filesystem/WaarpCommon,org.waarp.common.json,JsonHandler.new TypeReference() {...},0,3,0,0,0,1,0,1,0,1
Waarp Ftp Filesystem/WaarpCommon,org.waarp.common.future,WaarpCompletedFuture,33,0,6,0,11,0,13,0,10,0
Waarp Ftp Filesystem/WaarpCommon,org.waarp.common.future,WaarpFuture,191,131,43,15,59,38,35,12,9,9
Waarp Ftp Filesystem/WaarpCommon,org.waarp.common.future,WaarpSucceededFuture,9,0,0,0,4,0,4,0,4,0
Waarp Ftp Filesystem/WaarpCommon,org.waarp.common.future,WaarpLock,26,0,0,0,14,0,4,0,4,0
Waarp Ftp Filesystem/WaarpCommon,org.waarp.common.future,WaarpFailedFuture,40,0,6,0,12,0,7,0,4,0
Waarp Ftp Filesystem/WaarpCommon,org.waarp.common.future,WaarpChannelFuture,14,0,0,0,7,0,4,0,4,0
Waarp Ftp Filesystem/WaarpCommon,org.waarp.common.exception,CryptoException,9,0,0,0,4,0,2,0,2,0
Waarp Ftp Filesystem/WaarpCommon,org.waarp.common.exception,FileTransferException,9,0,0,0,4,0,2,0,2,0
Waarp Ftp Filesystem/WaarpCommon,org.waarp.common.exception,IllegalFiniteStateException,12,4,0,0,6,2,3,1,3,1
Waarp Ftp Filesystem/WaarpCommon,org.waarp.common.exception,FileEndOfTransferException,9,0,0,0,4,0,2,0,2,0
Waarp Ftp Filesystem/WaarpCommon,org.waarp.common.exception,InvalidArgumentException,0,9,0,0,0,4,0,2,0,2
Waarp Ftp Filesystem/WaarpCommon,org.waarp.common.exception,NoRestartException,9,0,0,0,4,0,2,0,2,0
Waarp Ftp Filesystem/WaarpCommon,org.waarp.common.role,RoleDefault.ROLE,70,391,17,19,21,50,16,22,2,8
Waarp Ftp Filesystem/WaarpCommon,org.waarp.common.role,RoleDefault,47,95,2,2,11,24,12,17,11,16
Waarp Ftp Filesystem/WaarpCommon,org.waarp.common.file,Restart,19,0,0,0,8,0,4,0,4,0
Waarp Ftp Filesystem/WaarpCommon,org.waarp.common.file,AbstractFile,76,0,6,0,26,0,10,0,7,0
Waarp Ftp Filesystem/WaarpCommon,org.waarp.common.file,FileUtils,253,506,78,80,88,159,69,33,3,20
Waarp Ftp Filesystem/WaarpCommon,org.waarp.common.file,DataBlock,449,0,36,0,104,0,47,0,29,0
Waarp Ftp Filesystem/WaarpCommon,org.waarp.common.file,AbstractDir,474,60,60,10,106,17,48,7,17,3
Waarp Ftp Filesystem/WaarpCommon,org.waarp.common.database.exception,WaarpDatabaseException,16,0,0,0,8,0,4,0,4,0
Waarp Ftp Filesystem/WaarpCommon,org.waarp.common.database.exception,WaarpDatabaseNoConnectionException,16,0,0,0,8,0,4,0,4,0
Waarp Ftp Filesystem/WaarpCommon,org.waarp.common.database.exception,WaarpDatabaseSqlException,16,0,0,0,8,0,4,0,4,0
Waarp Ftp Filesystem/WaarpCommon,org.waarp.common.database.exception,WaarpDatabaseNoDataException,16,0,0,0,8,0,4,0,4,0
Waarp Ftp Filesystem/WaarpCommon,org.waarp.common.guid,JvmProcessId,184,341,38,40,55,99,33,19,2,11
Waarp Ftp Filesystem/WaarpCommon,org.waarp.common.guid,IntegerUuid,30,329,5,7,5,44,5,12,0,11
Waarp Ftp Filesystem/WaarpCommon,org.waarp.common.guid,JvmProcessId.new PrivilegedAction() {...},5,0,0,0,2,0,2,0,2,0
Waarp Ftp Filesystem/WaarpCommon,org.waarp.common.guid,GUID,231,772,25,37,36,145,24,34,4,23
Waarp Ftp Filesystem/WaarpCommon,org.waarp.common.guid,LongUuid,30,539,5,7,5,58,5,13,0,12
Waarp Ftp Filesystem/WaarpCommon,org.waarp.common.transcode,CharsetsUtil,27,358,10,34,10,96,10,17,0,4
Waarp Ftp Filesystem/WaarpCommon,org.waarp.common.command,NextCommandReply,12,0,0,0,5,0,1,0,1,0
Waarp Ftp Filesystem/WaarpCommon,org.waarp.common.command,ReplyCode,801,0,58,0,132,0,60,0,7,0
Waarp Ftp Filesystem/WaarpCommon,org.waarp.common.database,DbConnectionPool.Con,32,0,4,0,11,0,5,0,3,0
Waarp Ftp Filesystem/WaarpCommon,org.waarp.common.database,DbConnectionPool,389,0,54,0,118,0,44,0,17,0
Waarp Ftp Filesystem/WaarpCommon,org.waarp.common.database,DbConnectionPool.TimeoutException,4,0,0,0,2,0,1,0,1,0
Waarp Ftp Filesystem/WaarpCommon,org.waarp.common.database,DbAdmin,425,0,32,0,122,0,41,0,25,0
Waarp Ftp Filesystem/WaarpCommon,org.waarp.common.database,DbSession,862,0,76,0,266,0,72,0,34,0
Waarp Ftp Filesystem/WaarpCommon,org.waarp.common.database,DbConnectionPool.PoolConnectionEventListener,30,0,0,0,9,0,3,0,3,0
Waarp Ftp Filesystem/WaarpCommon,org.waarp.common.database,DbConnectionPool.TimerTaskCheckConnections,84,0,12,0,25,0,8,0,2,0
Waarp Ftp Filesystem/WaarpCommon,org.waarp.common.database,DbConstant,3,0,0,0,1,0,1,0,1,0
Waarp Ftp Filesystem/WaarpCommon,org.waarp.common.database,DbSession.TryDisconnectDbSession,23,0,2,0,8,0,3,0,2,0
Waarp Ftp Filesystem/WaarpCommon,org.waarp.common.database,DbPreparedStatement,685,0,52,0,186,0,42,0,16,0
Waarp Ftp Filesystem/WaarpCommon,org.waarp.common.database,DbRequest,372,0,30,0,98,0,26,0,11,0
Waarp Ftp Filesystem/WaarpCommon,org.waarp.common.database,ConnectionFactory,286,0,18,0,79,0,23,0,14,0
Waarp Ftp Filesystem/WaarpCommon,org.waarp.common.command.exception,Reply451Exception,5,0,0,0,2,0,1,0,1,0
Waarp Ftp Filesystem/WaarpCommon,org.waarp.common.command.exception,CommandAbstractException,47,0,2,0,10,0,5,0,4,0
Waarp Ftp Filesystem/WaarpCommon,org.waarp.common.command.exception,Reply503Exception,5,0,0,0,2,0,1,0,1,0
Waarp Ftp Filesystem/WaarpCommon,org.waarp.common.command.exception,Reply501Exception,5,0,0,0,2,0,1,0,1,0
Waarp Ftp Filesystem/WaarpCommon,org.waarp.common.command.exception,Reply425Exception,5,0,0,0,2,0,1,0,1,0
Waarp Ftp Filesystem/WaarpCommon,org.waarp.common.command.exception,Reply552Exception,5,0,0,0,2,0,1,0,1,0
Waarp Ftp Filesystem/WaarpCommon,org.waarp.common.command.exception,Reply534Exception,5,0,0,0,2,0,1,0,1,0
Waarp Ftp Filesystem/WaarpCommon,org.waarp.common.command.exception,Reply426Exception,5,0,0,0,2,0,1,0,1,0
Waarp Ftp Filesystem/WaarpCommon,org.waarp.common.command.exception,Reply502Exception,5,0,0,0,2,0,1,0,1,0
Waarp Ftp Filesystem/WaarpCommon,org.waarp.common.command.exception,Reply450Exception,5,0,0,0,2,0,1,0,1,0
Waarp Ftp Filesystem/WaarpCommon,org.waarp.common.command.exception,Reply530Exception,5,0,0,0,2,0,1,0,1,0
Waarp Ftp Filesystem/WaarpCommon,org.waarp.common.command.exception,Reply553Exception,5,0,0,0,2,0,1,0,1,0
Waarp Ftp Filesystem/WaarpCommon,org.waarp.common.command.exception,Reply522Exception,5,0,0,0,2,0,1,0,1,0
Waarp Ftp Filesystem/WaarpCommon,org.waarp.common.command.exception,Reply550Exception,11,0,0,0,4,0,2,0,2,0
Waarp Ftp Filesystem/WaarpCommon,org.waarp.common.command.exception,Reply504Exception,5,0,0,0,2,0,1,0,1,0
Waarp Ftp Filesystem/WaarpCommon,org.waarp.common.command.exception,Reply452Exception,5,0,0,0,2,0,1,0,1,0
Waarp Ftp Filesystem/WaarpCommon,org.waarp.common.command.exception,Reply500Exception,5,0,0,0,2,0,1,0,1,0
Waarp Ftp Filesystem/WaarpCommon,org.waarp.common.command.exception,Reply421Exception,5,0,0,0,2,0,1,0,1,0
Waarp Ftp Filesystem/WaarpCommon,org.waarp.common.crypto.ssl,WaarpSecureKeyStore,556,128,5,3,177,46,15,10,11,10
Waarp Ftp Filesystem/WaarpCommon,org.waarp.common.crypto.ssl,WaarpSslUtility.new ChannelFutureListener() {...},0,17,1,1,0,5,1,2,0,2
Waarp Ftp Filesystem/WaarpCommon,org.waarp.common.crypto.ssl,WaarpSslUtility.new GenericFutureListener() {...},34,0,0,0,5,0,2,0,2,0
Waarp Ftp Filesystem/WaarpCommon,org.waarp.common.crypto.ssl,WaarpSslUtility.new GenericFutureListener() {...},20,0,0,0,3,0,2,0,2,0
Waarp Ftp Filesystem/WaarpCommon,org.waarp.common.crypto.ssl,WaarpSslUtility.new GenericFutureListener() {...},12,25,2,2,2,5,2,2,0,2
Waarp Ftp Filesystem/WaarpCommon,org.waarp.common.crypto.ssl,WaarpSslUtility,118,178,20,12,30,50,16,10,1,9
Waarp Ftp Filesystem/WaarpCommon,org.waarp.common.crypto.ssl,WaarpX509TrustManager,17,56,5,5,7,15,6,5,1,5
Waarp Ftp Filesystem/WaarpCommon,org.waarp.common.crypto.ssl,WaarpSslUtility.SslThread,0,25,0,0,0,7,0,2,0,2
Waarp Ftp Filesystem/WaarpCommon,org.waarp.common.crypto.ssl,WaarpSslContextFactory,129,142,15,9,43,57,13,9,3,7
Waarp Ftp Filesystem/WaarpCommon,org.waarp.common.crypto.ssl,WaarpSecureTrustManagerFactory,28,35,0,0,9,9,4,4,4,4
Waarp Ftp Filesystem/WaarpCommon,org.waarp.common.crypto.ssl,WaarpSslHandler,5,23,0,0,2,8,1,3,1,3
Waarp Ftp Filesystem/WaarpCommon,org.waarp.common.lru,ConcurrentUtility,2,0,0,0,1,0,1,0,1,0
Waarp Ftp Filesystem/WaarpCommon,org.waarp.common.lru,SoftReferenceCacheEntry,1,51,1,5,0,13,1,6,0,4
Waarp Ftp Filesystem/WaarpCommon,org.waarp.common.lru,AbstractLruCache,1,128,3,15,0,37,3,19,0,13
Waarp Ftp Filesystem/WaarpCommon,org.waarp.common.lru,StrongReferenceCacheEntry,1,45,1,5,0,12,1,6,0,4
Waarp Ftp Filesystem/WaarpCommon,org.waarp.common.lru,SoftReferenceSynchronizedLruCache,13,11,0,0,4,3,2,2,2,2
Waarp Ftp Filesystem/WaarpCommon,org.waarp.common.lru,CapacityLruLinkedHashMap,0,28,0,4,0,7,0,5,0,3
Waarp Ftp Filesystem/WaarpCommon,org.waarp.common.lru,SimpleLRUCache,6,20,0,2,1,4,1,3,1,2
Waarp Ftp Filesystem/WaarpCommon,org.waarp.common.lru,SynchronizedLruCache,65,65,7,1,20,18,7,10,3,10
Waarp Ftp Filesystem/WaarpCommon,org.waarp.common.database.data,AbstractDbData.UpdatedInfo,74,0,0,0,8,0,1,0,1,0
Waarp Ftp Filesystem/WaarpCommon,org.waarp.common.database.data,DbDataModel.Columns,74,0,0,0,3,0,1,0,1,0
Waarp Ftp Filesystem/WaarpCommon,org.waarp.common.database.data,DbValue,160,639,4,42,30,240,4,87,0,51
Waarp Ftp Filesystem/WaarpCommon,org.waarp.common.database.data,AbstractDbData,1043,0,118,0,267,0,95,0,15,0
Waarp Ftp Filesystem/WaarpCommon,org.waarp.common.database.data,DbDataModel,841,0,28,0,155,0,33,0,19,0
Waarp Ftp Filesystem/WaarpCommon,org.waarp.common.file.filesystembased,FilesystemBasedAuthImpl,133,0,10,0,40,0,18,0,13,0
Waarp Ftp Filesystem/WaarpCommon,org.waarp.common.file.filesystembased,FilesystemBasedDirImpl,1581,0,166,0,361,0,114,0,31,0
Waarp Ftp Filesystem/WaarpCommon,org.waarp.common.file.filesystembased,FilesystemBasedOptsMLSxImpl,336,0,36,0,98,0,39,0,21,0
Waarp Ftp Filesystem/WaarpCommon,org.waarp.common.file.filesystembased,FilesystemBasedFileParameterImpl,3,0,0,0,1,0,1,0,1,0
Waarp Ftp Filesystem/WaarpCommon,org.waarp.common.file.filesystembased,FilesystemBasedRestartImpl,59,0,8,0,20,0,8,0,4,0
Waarp Ftp Filesystem/WaarpCommon,org.waarp.common.file.filesystembased,FilesystemBasedFileImpl,896,0,114,0,280,0,89,0,32,0
Waarp Ftp Filesystem/WaarpCommon,org.waarp.common.file.filesystembased.specific,FilesystemBasedDirJdkAbstract,6,0,0,0,2,0,2,0,2,0
Waarp Ftp Filesystem/WaarpCommon,org.waarp.common.file.filesystembased.specific,FilesystemBasedDirJdk5,13,0,2,0,5,0,4,0,3,0
Waarp Ftp Filesystem/WaarpCommon,org.waarp.common.file.filesystembased.specific,FilesystemBasedDirJdk6,12,0,0,0,5,0,3,0,3,0
Waarp Ftp Filesystem/WaarpCommon,org.waarp.common.file.filesystembased.specific,FilesystemBasedCommonsIo,13,0,0,0,4,0,2,0,2,0
Waarp Ftp Filesystem/WaarpCommon,org.waarp.common.cpu,WaarpConstraintLimitHandler.CurLimits,9,0,0,0,4,0,1,0,1,0
Waarp Ftp Filesystem/WaarpCommon,org.waarp.common.cpu,CpuManagementSysmon,10,57,1,3,3,16,1,3,0,2
Waarp Ftp Filesystem/WaarpCommon,org.waarp.common.cpu,WaarpConstraintLimitHandler,639,229,82,24,128,61,63,7,10,7
Waarp Ftp Filesystem/WaarpCommon,org.waarp.common.cpu,CpuManagement,8,16,1,1,2,5,1,2,0,2
Waarp Ftp Filesystem/WaarpCommon,org.waarp.common.cpu,CpuManagementNoInfo,5,0,0,0,2,0,2,0,2,0
Waarp Ftp Filesystem/WaarpCommon,org.waarp.common.database.properties,H2Properties,11,0,0,0,6,0,5,0,5,0
Waarp Ftp Filesystem/WaarpCommon,org.waarp.common.database.properties,MariaDBProperties,46,0,6,0,20,0,8,0,5,0
Waarp Ftp Filesystem/WaarpCommon,org.waarp.common.database.properties,PostgreSQLProperties,46,0,6,0,20,0,8,0,5,0
Waarp Ftp Filesystem/WaarpCommon,org.waarp.common.database.properties,OracleProperties,46,0,6,0,20,0,8,0,5,0
Waarp Ftp Filesystem/WaarpCommon,org.waarp.common.database.properties,MySQLProperties,46,0,6,0,20,0,8,0,5,0
Waarp Ftp Filesystem/WaarpCommon,org.waarp.common.tar,ZipUtility,168,237,25,13,49,62,16,11,1,7
Waarp Ftp Filesystem/WaarpCommon,org.waarp.common.tar,TarUtility,168,243,25,13,49,64,16,11,1,7
Waarp Ftp Filesystem/WaarpCommon,org.waarp.common.state,MachineState,28,96,3,5,8,24,7,9,4,8
Waarp Ftp Filesystem/WaarpCommon,org.waarp.common.state,Transition,0,23,0,0,0,10,0,5,0,5
Waarp Ftp Filesystem/WaarpCommon,org.waarp.common.service,ServiceLauncher,228,0,32,0,93,0,30,0,14,0
Waarp Ftp Filesystem/WaarpCommon,org.waarp.common.service,EngineAbstract,3,0,0,0,1,0,1,0,1,0
Waarp Ftp Filesystem/WaarpCommon,org.waarp.common.filemonitor,FileMonitor.FileMonitorTimerInformationTask,113,0,10,0,27,0,7,0,2,0
Waarp Ftp Filesystem/WaarpCommon,org.waarp.common.filemonitor,RegexFileFilter,40,31,8,6,9,8,7,4,2,2
Waarp Ftp Filesystem/WaarpCommon,org.waarp.common.filemonitor,FileMonitor.Status,0,54,0,0,0,2,0,1,0,1
Waarp Ftp Filesystem/WaarpCommon,org.waarp.common.filemonitor,FileMonitor.FileItem,90,93,24,0,9,17,16,3,4,3
Waarp Ftp Filesystem/WaarpCommon,org.waarp.common.filemonitor,FileMonitor.FileMonitorTimerTask,36,46,2,4,10,15,2,3,0,2
Waarp Ftp Filesystem/WaarpCommon,org.waarp.common.filemonitor,FileMonitor.new FileFilter() {...},0,9,0,0,0,2,0,2,0,2
Waarp Ftp Filesystem/WaarpCommon,org.waarp.common.filemonitor,FileMonitor.new FileMonitorCommandRunnableFuture() {...},7,0,0,0,3,0,2,0,2,0
Waarp Ftp Filesystem/WaarpCommon,org.waarp.common.filemonitor,FileMonitor.new FileMonitorCommandRunnableFuture() {...},16,0,0,0,4,0,2,0,2,0
Waarp Ftp Filesystem/WaarpCommon,org.waarp.common.filemonitor,FileMonitor.new FileMonitorCommandRunnableFuture() {...},20,0,0,0,5,0,2,0,2,0
Waarp Ftp Filesystem/WaarpCommon,org.waarp.common.filemonitor,FileMonitorCommandRunnableFuture,78,120,15,21,24,25,16,16,4,10
Waarp Ftp Filesystem/WaarpCommon,org.waarp.common.filemonitor,FileMonitor.new TypeReference() {...},6,0,0,0,1,0,1,0,1,0
Waarp Ftp Filesystem/WaarpCommon,org.waarp.common.filemonitor,FileMonitor,542,1025,88,112,153,259,78,62,13,25
Waarp Ftp Filesystem/WaarpCommon,org.waarp.common.filemonitor,FileMonitor.FileMonitorInformation,3,39,0,0,2,14,1,1,1,1
Waarp Ftp Filesystem/WaarpDigest,org.waarp.common.digest,FilesystemBasedDigest,268,848,26,80,55,190,25,69,3,31
Waarp Ftp Filesystem/WaarpDigest,org.waarp.common.digest,MD5State,0,61,0,0,0,14,0,2,0,2
Waarp Ftp Filesystem/WaarpDigest,org.waarp.common.digest,FilesystemBasedDigest.DigestAlgo,57,119,16,0,19,10,9,4,1,4
Waarp Ftp Filesystem/WaarpDigest,org.waarp.common.digest,WaarpBC,57,84,7,7,21,28,6,7,0,6
Waarp Ftp Filesystem/WaarpDigest,org.waarp.common.digest,MD5,50,3459,16,46,14,313,14,45,0,28
Waarp Ftp Filesystem/WaarpDigest,org.waarp.common.digest,WaarpBC.new Provider() {...},0,19,0,0,0,3,0,1,0,1
